[35m[1mScanning dependencies of target tf03_node[0m
[ 33%] [32mBuilding CXX object CMakeFiles/tf03_node.dir/src/tf03_node.cpp.o[0m
[ 66%] [32mBuilding CXX object CMakeFiles/tf03_node.dir/src/TF03.cpp.o[0m
[01m[K/home/ws/src/tf03_driver/src/TF03.cpp:6:1:[m[K [01;31m[Kerror: [m[Kredefinition of ‘[01m[KTF03::TF03()[m[K’
    6 | [01;31m[KTF03[m[K::TF03()
      | [01;31m[K^~~~[m[K
In file included from [01m[K/home/ws/src/tf03_driver/src/TF03.cpp:1[m[K:
[01m[K/home/ws/src/tf03_driver/include/TF03.h:71:5:[m[K [01;36m[Knote: [m[K‘[01m[KTF03::TF03()[m[K’ previously defined here
   71 |     [01;36m[KTF03[m[K() : Node("tf03driver"){}
      |     [01;36m[K^~~~[m[K
[01m[K/home/ws/src/tf03_driver/src/TF03.cpp:169:13:[m[K [01;31m[Kerror: [m[Kdefinition of implicitly-declared ‘[01m[Kvirtual TF03::~TF03()[m[K’
  169 | TF03::~TF03([01;31m[K)[m[K
      |             [01;31m[K^[m[K
[01m[K/home/ws/src/tf03_driver/src/TF03.cpp:[m[K In member function ‘[01m[Kvoid TF03::process_sensor_data()[m[K’:
[01m[K/home/ws/src/tf03_driver/src/TF03.cpp:199:34:[m[K [01;35m[Kwarning: [m[Kcatching polymorphic type ‘[01m[Kclass LibSerial::NotOpen[m[K’ by value [[01;35m[K-Wcatch-value=[m[K]
  199 |         catch (SerialPortNotOpen [01;35m[Ke[m[K)
      |                                  [01;35m[K^[m[K
[01m[K/home/ws/src/tf03_driver/src/TF03.cpp:203:38:[m[K [01;35m[Kwarning: [m[Kcatching polymorphic type ‘[01m[Kclass LibSerial::ReadTimeout[m[K’ by value [[01;35m[K-Wcatch-value=[m[K]
  203 |         catch (SerialPortReadTimeout [01;35m[Ke[m[K)
      |                                      [01;35m[K^[m[K
[01m[K/home/ws/src/tf03_driver/src/TF03.cpp:241:20:[m[K [01;35m[Kwarning: [m[Kcomparison of integer expressions of different signedness: ‘[01m[Kint[m[K’ and ‘[01m[Kcanid_t[m[K’ {aka ‘[01m[Kunsigned int[m[K’} [[01;35m[K-Wsign-compare[m[K]
  241 |             if ([01;35m[Kid == publish_frame.can_id[m[K)
      |                 [01;35m[K~~~^~~~~~~~~~~~~~~~~~~~~~~[m[K
[01m[K/home/ws/src/tf03_driver/src/TF03.cpp:238:13:[m[K [01;35m[Kwarning: [m[Kunused variable ‘[01m[Knbytes[m[K’ [[01;35m[K-Wunused-variable[m[K]
  238 |         int [01;35m[Knbytes[m[K = read(can_socket, &publish_frame, sizeof(struct can_frame));
      |             [01;35m[K^~~~~~[m[K
[01m[K/home/ws/src/tf03_driver/src/TF03.cpp:[m[K In member function ‘[01m[Kvoid TF03::process_incoming_buffer(std::vector<unsigned char, std::allocator<unsigned char> >, int)[m[K’:
[01m[K/home/ws/src/tf03_driver/src/TF03.cpp:313:15:[m[K [01;35m[Kwarning: [m[Kunused variable ‘[01m[Kstrength[m[K’ [[01;35m[K-Wunused-variable[m[K]
  313 |         u_int [01;35m[Kstrength[m[K = strength_high_byte * 256 + strength_low_byte;
      |               [01;35m[K^~~~~~~~[m[K
[01m[K/home/ws/src/tf03_driver/src/TF03.cpp:[m[K In member function ‘[01m[Kint TF03::init_sensor(tf_03_interface, std::string)[m[K’:
[01m[K/home/ws/src/tf03_driver/src/TF03.cpp:470:31:[m[K [01;35m[Kwarning: [m[Kcatching polymorphic type ‘[01m[Kclass LibSerial::OpenFailed[m[K’ by value [[01;35m[K-Wcatch-value=[m[K]
  470 |             catch (LibSerial::[01;35m[KOpenFailed[m[K)
      |                               [01;35m[K^~~~~~~~~~[m[K
[01m[K/home/ws/src/tf03_driver/src/TF03.cpp:[m[K In member function ‘[01m[Kvoid TF03::write_command_data(tf_03_interface, std::vector<unsigned char, std::allocator<unsigned char> >)[m[K’:
[01m[K/home/ws/src/tf03_driver/src/TF03.cpp:603:31:[m[K [01;35m[Kwarning: [m[Kcomparison of integer expressions of different signedness: ‘[01m[Kint[m[K’ and ‘[01m[Kstd::vector<unsigned char, std::allocator<unsigned char> >::size_type[m[K’ {aka ‘[01m[Klong unsigned int[m[K’} [[01;35m[K-Wsign-compare[m[K]
  603 |         for (int cnt = 0; [01;35m[Kcnt < data.size()[m[K; cnt++)
      |                           [01;35m[K~~~~^~~~~~~~~~~~~[m[K
[01m[K/home/ws/src/tf03_driver/src/TF03.cpp:607:13:[m[K [01;35m[Kwarning: [m[Kunused variable ‘[01m[Knbytes[m[K’ [[01;35m[K-Wunused-variable[m[K]
  607 |         int [01;35m[Knbytes[m[K = write(can_socket, frame, sizeof(struct can_frame));
      |             [01;35m[K^~~~~~[m[K
In file included from [01m[K/usr/include/x86_64-linux-gnu/c++/9/bits/c++allocator.h:33[m[K,
                 from [01m[K/usr/include/c++/9/bits/allocator.h:46[m[K,
                 from [01m[K/usr/include/c++/9/memory:63[m[K,
                 from [01m[K/opt/ros/foxy/include/rclcpp/rclcpp.hpp:144[m[K,
                 from [01m[K/home/ws/src/tf03_driver/src/tf03_node.cpp:1[m[K:
/usr/include/c++/9/ext/new_allocator.h: In instantiation of ‘[01m[Kvoid __gnu_cxx::new_allocator<_Tp>::construct(_Up*, _Args&& ...) [with _Up = TF03; _Args = {const char (&)[7]}; _Tp = TF03][m[K’:
[01m[K/usr/include/c++/9/bits/alloc_traits.h:483:4:[m[K   required from ‘[01m[Kstatic void std::allocator_traits<std::allocator<_Tp1> >::construct(std::allocator_traits<std::allocator<_Tp1> >::allocator_type&, _Up*, _Args&& ...) [with _Up = TF03; _Args = {const char (&)[7]}; _Tp = TF03; std::allocator_traits<std::allocator<_Tp1> >::allocator_type = std::allocator<TF03>][m[K’
[01m[K/usr/include/c++/9/bits/shared_ptr_base.h:548:39:[m[K   required from ‘[01m[Kstd::_Sp_counted_ptr_inplace<_Tp, _Alloc, _Lp>::_Sp_counted_ptr_inplace(_Alloc, _Args&& ...) [with _Args = {const char (&)[7]}; _Tp = TF03; _Alloc = std::allocator<TF03>; __gnu_cxx::_Lock_policy _Lp = __gnu_cxx::_S_atomic][m[K’
[01m[K/usr/include/c++/9/bits/shared_ptr_base.h:679:16:[m[K   required from ‘[01m[Kstd::__shared_count<_Lp>::__shared_count(_Tp*&, std::_Sp_alloc_shared_tag<_Alloc>, _Args&& ...) [with _Tp = TF03; _Alloc = std::allocator<TF03>; _Args = {const char (&)[7]}; __gnu_cxx::_Lock_policy _Lp = __gnu_cxx::_S_atomic][m[K’
[01m[K/usr/include/c++/9/bits/shared_ptr_base.h:1344:71:[m[K   required from ‘[01m[Kstd::__shared_ptr<_Tp, _Lp>::__shared_ptr(std::_Sp_alloc_shared_tag<_Tp>, _Args&& ...) [with _Alloc = std::allocator<TF03>; _Args = {const char (&)[7]}; _Tp = TF03; __gnu_cxx::_Lock_policy _Lp = __gnu_cxx::_S_atomic][m[K’
[01m[K/usr/include/c++/9/bits/shared_ptr.h:359:59:[m[K   required from ‘[01m[Kstd::shared_ptr<_Tp>::shared_ptr(std::_Sp_alloc_shared_tag<_Tp>, _Args&& ...) [with _Alloc = std::allocator<TF03>; _Args = {const char (&)[7]}; _Tp = TF03][m[K’
[01m[K/usr/include/c++/9/bits/shared_ptr.h:701:14:[m[K   required from ‘[01m[Kstd::shared_ptr<_Tp> std::allocate_shared(const _Alloc&, _Args&& ...) [with _Tp = TF03; _Alloc = std::allocator<TF03>; _Args = {const char (&)[7]}][m[K’
[01m[K/usr/include/c++/9/bits/shared_ptr.h:717:39:[m[K   required from ‘[01m[Kstd::shared_ptr<_Tp> std::make_shared(_Args&& ...) [with _Tp = TF03; _Args = {const char (&)[7]}][m[K’
[01m[K/home/ws/src/tf03_driver/src/tf03_node.cpp:12:49:[m[K   required from here
[01m[K/usr/include/c++/9/ext/new_allocator.h:146:4:[m[K [01;31m[Kerror: [m[Kno matching function for call to ‘[01m[KTF03::TF03(const char [7])[m[K’
  146 |  { [01;31m[K::new((void *)__p) _Up(std::forward<_Args>(__args)...)[m[K; }
      |    [01;31m[K^~~~~~~~~~~~~~~~~~~~~~~~~~~~~~~~~~~~~~~~~~~~~~~~~~~~~~[m[K
In file included from [01m[K/home/ws/src/tf03_driver/src/tf03_node.cpp:2[m[K:
[01m[K/home/ws/src/tf03_driver/include/TF03.h:71:5:[m[K [01;36m[Knote: [m[Kcandidate: ‘[01m[KTF03::TF03()[m[K’
   71 |     [01;36m[KTF03[m[K() : Node("tf03driver"){}
      |     [01;36m[K^~~~[m[K
[01m[K/home/ws/src/tf03_driver/include/TF03.h:71:5:[m[K [01;36m[Knote: [m[K  candidate expects 0 arguments, 1 provided
make[2]: *** [CMakeFiles/tf03_node.dir/build.make:63: CMakeFiles/tf03_node.dir/src/tf03_node.cpp.o] Error 1
make[2]: *** Waiting for unfinished jobs....
make[2]: *** [CMakeFiles/tf03_node.dir/build.make:76: CMakeFiles/tf03_node.dir/src/TF03.cpp.o] Error 1
make[1]: *** [CMakeFiles/Makefile2:78: CMakeFiles/tf03_node.dir/all] Error 2
make: *** [Makefile:141: all] Error 2
