[0.037s] Invoking command in '/home/ws/build/tf03_driver': CMAKE_PREFIX_PATH=/opt/ros/foxy /usr/bin/cmake --build /home/ws/build/tf03_driver -- -j8 -l8
[0.126s] [35m[1mScanning dependencies of target tf03_node[0m
[0.203s] [ 66%] [32mBuilding CXX object CMakeFiles/tf03_node.dir/src/TF03.cpp.o[0m
[0.203s] [ 66%] [32mBuilding CXX object CMakeFiles/tf03_node.dir/src/tf03_node.cpp.o[0m
[3.120s] In file included from [01m[K/opt/ros/foxy/include/rclcpp/node.hpp:1224[m[K,
[3.121s]                  from [01m[K/opt/ros/foxy/include/rclcpp/executors/single_threaded_executor.hpp:28[m[K,
[3.121s]                  from [01m[K/opt/ros/foxy/include/rclcpp/executors.hpp:22[m[K,
[3.122s]                  from [01m[K/opt/ros/foxy/include/rclcpp/rclcpp.hpp:146[m[K,
[3.122s]                  from [01m[K/home/ws/src/tf03_driver/include/TF03.h:12[m[K,
[3.122s]                  from [01m[K/home/ws/src/tf03_driver/src/TF03.cpp:1[m[K:
[3.123s] /opt/ros/foxy/include/rclcpp/node_impl.hpp: In instantiation of ‘[01m[Kauto rclcpp::Node::declare_parameter(const string&, const ParameterT&, const ParameterDescriptor&, bool) [with ParameterT = std::vector<int>; std::string = std::__cxx11::basic_string<char>; rcl_interfaces::msg::ParameterDescriptor = rcl_interfaces::msg::ParameterDescriptor_<std::allocator<void> >][m[K’:
[3.123s] [01m[K/home/ws/src/tf03_driver/src/TF03.cpp:22:91:[m[K   required from here
[3.123s] [01m[K/opt/ros/foxy/include/rclcpp/node_impl.hpp:169:23:[m[K [01;31m[Kerror: [m[Kno matching function for call to ‘[01m[Krclcpp::ParameterValue::get<std::vector<int, std::allocator<int> > >() const[m[K’
[3.123s]   169 |     ).get<ParameterT>([01;31m[K)[m[K;
[3.124s]       |                       [01;31m[K^[m[K
[3.124s] In file included from [01m[K/opt/ros/foxy/include/rclcpp/parameter.hpp:26[m[K,
[3.124s]                  from [01m[K/opt/ros/foxy/include/rclcpp/node_interfaces/node_parameters_interface.hpp:28[m[K,
[3.124s]                  from [01m[K/opt/ros/foxy/include/rclcpp/node.hpp:51[m[K,
[3.125s]                  from [01m[K/opt/ros/foxy/include/rclcpp/executors/single_threaded_executor.hpp:28[m[K,
[3.125s]                  from [01m[K/opt/ros/foxy/include/rclcpp/executors.hpp:22[m[K,
[3.125s]                  from [01m[K/opt/ros/foxy/include/rclcpp/rclcpp.hpp:146[m[K,
[3.125s]                  from [01m[K/home/ws/src/tf03_driver/include/TF03.h:12[m[K,
[3.126s]                  from [01m[K/home/ws/src/tf03_driver/src/TF03.cpp:1[m[K:
[3.126s] [01m[K/opt/ros/foxy/include/rclcpp/parameter_value.hpp:148:3:[m[K [01;36m[Knote: [m[Kcandidate: ‘[01m[Ktemplate<rclcpp::ParameterType type> constexpr typename std::enable_if<(type == rclcpp::PARAMETER_BOOL), const bool&>::type rclcpp::ParameterValue::get() const[m[K’
[3.126s]   148 |   [01;36m[Kget[m[K() const
[3.126s]       |   [01;36m[K^~~[m[K
[3.127s] [01m[K/opt/ros/foxy/include/rclcpp/parameter_value.hpp:148:3:[m[K [01;36m[Knote: [m[K  template argument deduction/substitution failed:
[3.127s] [01m[K/opt/ros/foxy/include/rclcpp/parameter_value.hpp:159:3:[m[K [01;36m[Knote: [m[Kcandidate: ‘[01m[Ktemplate<rclcpp::ParameterType type> constexpr typename std::enable_if<(type == rclcpp::PARAMETER_INTEGER), const long int&>::type rclcpp::ParameterValue::get() const[m[K’
[3.127s]   159 |   [01;36m[Kget[m[K() const
[3.127s]       |   [01;36m[K^~~[m[K
[3.128s] [01m[K/opt/ros/foxy/include/rclcpp/parameter_value.hpp:159:3:[m[K [01;36m[Knote: [m[K  template argument deduction/substitution failed:
[3.128s] [01m[K/opt/ros/foxy/include/rclcpp/parameter_value.hpp:170:3:[m[K [01;36m[Knote: [m[Kcandidate: ‘[01m[Ktemplate<rclcpp::ParameterType type> constexpr typename std::enable_if<(type == rclcpp::PARAMETER_DOUBLE), const double&>::type rclcpp::ParameterValue::get() const[m[K’
[3.128s]   170 |   [01;36m[Kget[m[K() const
[3.128s]       |   [01;36m[K^~~[m[K
[3.129s] [01m[K/opt/ros/foxy/include/rclcpp/parameter_value.hpp:170:3:[m[K [01;36m[Knote: [m[K  template argument deduction/substitution failed:
[3.129s] [01m[K/opt/ros/foxy/include/rclcpp/parameter_value.hpp:181:3:[m[K [01;36m[Knote: [m[Kcandidate: ‘[01m[Ktemplate<rclcpp::ParameterType type> constexpr typename std::enable_if<(type == rclcpp::PARAMETER_STRING), const std::__cxx11::basic_string<char>&>::type rclcpp::ParameterValue::get() const[m[K’
[3.129s]   181 |   [01;36m[Kget[m[K() const
[3.130s]       |   [01;36m[K^~~[m[K
[3.130s] [01m[K/opt/ros/foxy/include/rclcpp/parameter_value.hpp:181:3:[m[K [01;36m[Knote: [m[K  template argument deduction/substitution failed:
[3.130s] [01m[K/opt/ros/foxy/include/rclcpp/parameter_value.hpp:193:3:[m[K [01;36m[Knote: [m[Kcandidate: ‘[01m[Ktemplate<rclcpp::ParameterType type> constexpr typename std::enable_if<(type == rclcpp::PARAMETER_BYTE_ARRAY), const std::vector<unsigned char, std::allocator<unsigned char> >&>::type rclcpp::ParameterValue::get() const[m[K’
[3.130s]   193 |   [01;36m[Kget[m[K() const
[3.131s]       |   [01;36m[K^~~[m[K
[3.131s] [01m[K/opt/ros/foxy/include/rclcpp/parameter_value.hpp:193:3:[m[K [01;36m[Knote: [m[K  template argument deduction/substitution failed:
[3.131s] [01m[K/opt/ros/foxy/include/rclcpp/parameter_value.hpp:205:3:[m[K [01;36m[Knote: [m[Kcandidate: ‘[01m[Ktemplate<rclcpp::ParameterType type> constexpr typename std::enable_if<(type == rclcpp::PARAMETER_BOOL_ARRAY), const std::vector<bool, std::allocator<bool> >&>::type rclcpp::ParameterValue::get() const[m[K’
[3.132s]   205 |   [01;36m[Kget[m[K() const
[3.132s]       |   [01;36m[K^~~[m[K
[3.132s] [01m[K/opt/ros/foxy/include/rclcpp/parameter_value.hpp:205:3:[m[K [01;36m[Knote: [m[K  template argument deduction/substitution failed:
[3.133s] [01m[K/opt/ros/foxy/include/rclcpp/parameter_value.hpp:217:3:[m[K [01;36m[Knote: [m[Kcandidate: ‘[01m[Ktemplate<rclcpp::ParameterType type> constexpr typename std::enable_if<(type == rclcpp::PARAMETER_INTEGER_ARRAY), const std::vector<long int, std::allocator<long int> >&>::type rclcpp::ParameterValue::get() const[m[K’
[3.133s]   217 |   [01;36m[Kget[m[K() const
[3.133s]       |   [01;36m[K^~~[m[K
[3.134s] [01m[K/opt/ros/foxy/include/rclcpp/parameter_value.hpp:217:3:[m[K [01;36m[Knote: [m[K  template argument deduction/substitution failed:
[3.134s] [01m[K/opt/ros/foxy/include/rclcpp/parameter_value.hpp:229:3:[m[K [01;36m[Knote: [m[Kcandidate: ‘[01m[Ktemplate<rclcpp::ParameterType type> constexpr typename std::enable_if<(type == rclcpp::PARAMETER_DOUBLE_ARRAY), const std::vector<double, std::allocator<double> >&>::type rclcpp::ParameterValue::get() const[m[K’
[3.134s]   229 |   [01;36m[Kget[m[K() const
[3.135s]       |   [01;36m[K^~~[m[K
[3.135s] [01m[K/opt/ros/foxy/include/rclcpp/parameter_value.hpp:229:3:[m[K [01;36m[Knote: [m[K  template argument deduction/substitution failed:
[3.135s] [01m[K/opt/ros/foxy/include/rclcpp/parameter_value.hpp:241:3:[m[K [01;36m[Knote: [m[Kcandidate: ‘[01m[Ktemplate<rclcpp::ParameterType type> constexpr typename std::enable_if<(type == rclcpp::PARAMETER_STRING_ARRAY), const std::vector<std::__cxx11::basic_string<char> >&>::type rclcpp::ParameterValue::get() const[m[K’
[3.136s]   241 |   [01;36m[Kget[m[K() const
[3.136s]       |   [01;36m[K^~~[m[K
[3.136s] [01m[K/opt/ros/foxy/include/rclcpp/parameter_value.hpp:241:3:[m[K [01;36m[Knote: [m[K  template argument deduction/substitution failed:
[3.137s] [01m[K/opt/ros/foxy/include/rclcpp/parameter_value.hpp:254:3:[m[K [01;36m[Knote: [m[Kcandidate: ‘[01m[Ktemplate<class type> constexpr typename std::enable_if<std::is_same<T, bool>::value, const bool&>::type rclcpp::ParameterValue::get() const[m[K’
[3.137s]   254 |   [01;36m[Kget[m[K() const
[3.137s]       |   [01;36m[K^~~[m[K
[3.137s] [01m[K/opt/ros/foxy/include/rclcpp/parameter_value.hpp:254:3:[m[K [01;36m[Knote: [m[K  template argument deduction/substitution failed:
[3.137s] /opt/ros/foxy/include/rclcpp/parameter_value.hpp: In substitution of ‘[01m[Ktemplate<class type> constexpr typename std::enable_if<std::is_same<T, bool>::value, const bool&>::type rclcpp::ParameterValue::get() const [with type = std::vector<int>][m[K’:
[3.138s] [01m[K/opt/ros/foxy/include/rclcpp/node_impl.hpp:169:23:[m[K   required from ‘[01m[Kauto rclcpp::Node::declare_parameter(const string&, const ParameterT&, const ParameterDescriptor&, bool) [with ParameterT = std::vector<int>; std::string = std::__cxx11::basic_string<char>; rcl_interfaces::msg::ParameterDescriptor = rcl_interfaces::msg::ParameterDescriptor_<std::allocator<void> >][m[K’
[3.138s] [01m[K/home/ws/src/tf03_driver/src/TF03.cpp:22:91:[m[K   required from here
[3.138s] [01m[K/opt/ros/foxy/include/rclcpp/parameter_value.hpp:254:3:[m[K [01;31m[Kerror: [m[Kno type named ‘[01m[Ktype[m[K’ in ‘[01m[Kstruct std::enable_if<false, const bool&>[m[K’
[3.138s] /opt/ros/foxy/include/rclcpp/node_impl.hpp: In instantiation of ‘[01m[Kauto rclcpp::Node::declare_parameter(const string&, const ParameterT&, const ParameterDescriptor&, bool) [with ParameterT = std::vector<int>; std::string = std::__cxx11::basic_string<char>; rcl_interfaces::msg::ParameterDescriptor = rcl_interfaces::msg::ParameterDescriptor_<std::allocator<void> >][m[K’:
[3.139s] [01m[K/home/ws/src/tf03_driver/src/TF03.cpp:22:91:[m[K   required from here
[3.139s] [01m[K/opt/ros/foxy/include/rclcpp/parameter_value.hpp:263:3:[m[K [01;36m[Knote: [m[Kcandidate: ‘[01m[Ktemplate<class type> constexpr typename std::enable_if<(std::is_integral<_Tp>::value && (! std::is_same<T, bool>::value)), const long int&>::type rclcpp::ParameterValue::get() const[m[K’
[3.139s]   263 |   [01;36m[Kget[m[K() const
[3.139s]       |   [01;36m[K^~~[m[K
[3.139s] [01m[K/opt/ros/foxy/include/rclcpp/parameter_value.hpp:263:3:[m[K [01;36m[Knote: [m[K  template argument deduction/substitution failed:
[3.140s] /opt/ros/foxy/include/rclcpp/parameter_value.hpp: In substitution of ‘[01m[Ktemplate<class type> constexpr typename std::enable_if<(std::is_integral<_Tp>::value && (! std::is_same<T, bool>::value)), const long int&>::type rclcpp::ParameterValue::get() const [with type = std::vector<int>][m[K’:
[3.140s] [01m[K/opt/ros/foxy/include/rclcpp/node_impl.hpp:169:23:[m[K   required from ‘[01m[Kauto rclcpp::Node::declare_parameter(const string&, const ParameterT&, const ParameterDescriptor&, bool) [with ParameterT = std::vector<int>; std::string = std::__cxx11::basic_string<char>; rcl_interfaces::msg::ParameterDescriptor = rcl_interfaces::msg::ParameterDescriptor_<std::allocator<void> >][m[K’
[3.140s] [01m[K/home/ws/src/tf03_driver/src/TF03.cpp:22:91:[m[K   required from here
[3.140s] [01m[K/opt/ros/foxy/include/rclcpp/parameter_value.hpp:263:3:[m[K [01;31m[Kerror: [m[Kno type named ‘[01m[Ktype[m[K’ in ‘[01m[Kstruct std::enable_if<false, const long int&>[m[K’
[3.141s] /opt/ros/foxy/include/rclcpp/node_impl.hpp: In instantiation of ‘[01m[Kauto rclcpp::Node::declare_parameter(const string&, const ParameterT&, const ParameterDescriptor&, bool) [with ParameterT = std::vector<int>; std::string = std::__cxx11::basic_string<char>; rcl_interfaces::msg::ParameterDescriptor = rcl_interfaces::msg::ParameterDescriptor_<std::allocator<void> >][m[K’:
[3.141s] [01m[K/home/ws/src/tf03_driver/src/TF03.cpp:22:91:[m[K   required from here
[3.141s] [01m[K/opt/ros/foxy/include/rclcpp/parameter_value.hpp:271:3:[m[K [01;36m[Knote: [m[Kcandidate: ‘[01m[Ktemplate<class type> constexpr typename std::enable_if<std::is_floating_point<_Tp>::value, const double&>::type rclcpp::ParameterValue::get() const[m[K’
[3.141s]   271 |   [01;36m[Kget[m[K() const
[3.142s]       |   [01;36m[K^~~[m[K
[3.142s] [01m[K/opt/ros/foxy/include/rclcpp/parameter_value.hpp:271:3:[m[K [01;36m[Knote: [m[K  template argument deduction/substitution failed:
[3.142s] /opt/ros/foxy/include/rclcpp/parameter_value.hpp: In substitution of ‘[01m[Ktemplate<class type> constexpr typename std::enable_if<std::is_floating_point<_Tp>::value, const double&>::type rclcpp::ParameterValue::get() const [with type = std::vector<int>][m[K’:
[3.142s] [01m[K/opt/ros/foxy/include/rclcpp/node_impl.hpp:169:23:[m[K   required from ‘[01m[Kauto rclcpp::Node::declare_parameter(const string&, const ParameterT&, const ParameterDescriptor&, bool) [with ParameterT = std::vector<int>; std::string = std::__cxx11::basic_string<char>; rcl_interfaces::msg::ParameterDescriptor = rcl_interfaces::msg::ParameterDescriptor_<std::allocator<void> >][m[K’
[3.142s] [01m[K/home/ws/src/tf03_driver/src/TF03.cpp:22:91:[m[K   required from here
[3.143s] [01m[K/opt/ros/foxy/include/rclcpp/parameter_value.hpp:271:3:[m[K [01;31m[Kerror: [m[Kno type named ‘[01m[Ktype[m[K’ in ‘[01m[Kstruct std::enable_if<false, const double&>[m[K’
[3.143s] /opt/ros/foxy/include/rclcpp/node_impl.hpp: In instantiation of ‘[01m[Kauto rclcpp::Node::declare_parameter(const string&, const ParameterT&, const ParameterDescriptor&, bool) [with ParameterT = std::vector<int>; std::string = std::__cxx11::basic_string<char>; rcl_interfaces::msg::ParameterDescriptor = rcl_interfaces::msg::ParameterDescriptor_<std::allocator<void> >][m[K’:
[3.143s] [01m[K/home/ws/src/tf03_driver/src/TF03.cpp:22:91:[m[K   required from here
[3.143s] [01m[K/opt/ros/foxy/include/rclcpp/parameter_value.hpp:279:3:[m[K [01;36m[Knote: [m[Kcandidate: ‘[01m[Ktemplate<class type> constexpr typename std::enable_if<std::is_convertible<type, std::__cxx11::basic_string<char> >::value, const std::__cxx11::basic_string<char>&>::type rclcpp::ParameterValue::get() const[m[K’
[3.144s]   279 |   [01;36m[Kget[m[K() const
[3.144s]       |   [01;36m[K^~~[m[K
[3.144s] [01m[K/opt/ros/foxy/include/rclcpp/parameter_value.hpp:279:3:[m[K [01;36m[Knote: [m[K  template argument deduction/substitution failed:
[3.144s] /opt/ros/foxy/include/rclcpp/parameter_value.hpp: In substitution of ‘[01m[Ktemplate<class type> constexpr typename std::enable_if<std::is_convertible<type, std::__cxx11::basic_string<char> >::value, const std::__cxx11::basic_string<char>&>::type rclcpp::ParameterValue::get() const [with type = std::vector<int>][m[K’:
[3.144s] [01m[K/opt/ros/foxy/include/rclcpp/node_impl.hpp:169:23:[m[K   required from ‘[01m[Kauto rclcpp::Node::declare_parameter(const string&, const ParameterT&, const ParameterDescriptor&, bool) [with ParameterT = std::vector<int>; std::string = std::__cxx11::basic_string<char>; rcl_interfaces::msg::ParameterDescriptor = rcl_interfaces::msg::ParameterDescriptor_<std::allocator<void> >][m[K’
[3.145s] [01m[K/home/ws/src/tf03_driver/src/TF03.cpp:22:91:[m[K   required from here
[3.145s] [01m[K/opt/ros/foxy/include/rclcpp/parameter_value.hpp:279:3:[m[K [01;31m[Kerror: [m[Kno type named ‘[01m[Ktype[m[K’ in ‘[01m[Kstruct std::enable_if<false, const std::__cxx11::basic_string<char>&>[m[K’
[3.145s] /opt/ros/foxy/include/rclcpp/node_impl.hpp: In instantiation of ‘[01m[Kauto rclcpp::Node::declare_parameter(const string&, const ParameterT&, const ParameterDescriptor&, bool) [with ParameterT = std::vector<int>; std::string = std::__cxx11::basic_string<char>; rcl_interfaces::msg::ParameterDescriptor = rcl_interfaces::msg::ParameterDescriptor_<std::allocator<void> >][m[K’:
[3.145s] [01m[K/home/ws/src/tf03_driver/src/TF03.cpp:22:91:[m[K   required from here
[3.146s] [01m[K/opt/ros/foxy/include/rclcpp/parameter_value.hpp:289:3:[m[K [01;36m[Knote: [m[Kcandidate: ‘[01m[Ktemplate<class type> constexpr typename std::enable_if<std::is_convertible<type, const std::vector<unsigned char, std::allocator<unsigned char> >&>::value, const std::vector<unsigned char, std::allocator<unsigned char> >&>::type rclcpp::ParameterValue::get() const[m[K’
[3.146s]   289 |   [01;36m[Kget[m[K() const
[3.146s]       |   [01;36m[K^~~[m[K
[3.146s] [01m[K/opt/ros/foxy/include/rclcpp/parameter_value.hpp:289:3:[m[K [01;36m[Knote: [m[K  template argument deduction/substitution failed:
[3.146s] /opt/ros/foxy/include/rclcpp/parameter_value.hpp: In substitution of ‘[01m[Ktemplate<class type> constexpr typename std::enable_if<std::is_convertible<type, const std::vector<unsigned char, std::allocator<unsigned char> >&>::value, const std::vector<unsigned char, std::allocator<unsigned char> >&>::type rclcpp::ParameterValue::get() const [with type = std::vector<int>][m[K’:
[3.147s] [01m[K/opt/ros/foxy/include/rclcpp/node_impl.hpp:169:23:[m[K   required from ‘[01m[Kauto rclcpp::Node::declare_parameter(const string&, const ParameterT&, const ParameterDescriptor&, bool) [with ParameterT = std::vector<int>; std::string = std::__cxx11::basic_string<char>; rcl_interfaces::msg::ParameterDescriptor = rcl_interfaces::msg::ParameterDescriptor_<std::allocator<void> >][m[K’
[3.147s] [01m[K/home/ws/src/tf03_driver/src/TF03.cpp:22:91:[m[K   required from here
[3.147s] [01m[K/opt/ros/foxy/include/rclcpp/parameter_value.hpp:289:3:[m[K [01;31m[Kerror: [m[Kno type named ‘[01m[Ktype[m[K’ in ‘[01m[Kstruct std::enable_if<false, const std::vector<unsigned char, std::allocator<unsigned char> >&>[m[K’
[3.147s] /opt/ros/foxy/include/rclcpp/node_impl.hpp: In instantiation of ‘[01m[Kauto rclcpp::Node::declare_parameter(const string&, const ParameterT&, const ParameterDescriptor&, bool) [with ParameterT = std::vector<int>; std::string = std::__cxx11::basic_string<char>; rcl_interfaces::msg::ParameterDescriptor = rcl_interfaces::msg::ParameterDescriptor_<std::allocator<void> >][m[K’:
[3.148s] [01m[K/home/ws/src/tf03_driver/src/TF03.cpp:22:91:[m[K   required from here
[3.148s] [01m[K/opt/ros/foxy/include/rclcpp/parameter_value.hpp:299:3:[m[K [01;36m[Knote: [m[Kcandidate: ‘[01m[Ktemplate<class type> constexpr typename std::enable_if<std::is_convertible<type, const std::vector<bool, std::allocator<bool> >&>::value, const std::vector<bool, std::allocator<bool> >&>::type rclcpp::ParameterValue::get() const[m[K’
[3.148s]   299 |   [01;36m[Kget[m[K() const
[3.148s]       |   [01;36m[K^~~[m[K
[3.149s] [01m[K/opt/ros/foxy/include/rclcpp/parameter_value.hpp:299:3:[m[K [01;36m[Knote: [m[K  template argument deduction/substitution failed:
[3.149s] /opt/ros/foxy/include/rclcpp/parameter_value.hpp: In substitution of ‘[01m[Ktemplate<class type> constexpr typename std::enable_if<std::is_convertible<type, const std::vector<bool, std::allocator<bool> >&>::value, const std::vector<bool, std::allocator<bool> >&>::type rclcpp::ParameterValue::get() const [with type = std::vector<int>][m[K’:
[3.149s] [01m[K/opt/ros/foxy/include/rclcpp/node_impl.hpp:169:23:[m[K   required from ‘[01m[Kauto rclcpp::Node::declare_parameter(const string&, const ParameterT&, const ParameterDescriptor&, bool) [with ParameterT = std::vector<int>; std::string = std::__cxx11::basic_string<char>; rcl_interfaces::msg::ParameterDescriptor = rcl_interfaces::msg::ParameterDescriptor_<std::allocator<void> >][m[K’
[3.150s] [01m[K/home/ws/src/tf03_driver/src/TF03.cpp:22:91:[m[K   required from here
[3.150s] [01m[K/opt/ros/foxy/include/rclcpp/parameter_value.hpp:299:3:[m[K [01;31m[Kerror: [m[Kno type named ‘[01m[Ktype[m[K’ in ‘[01m[Kstruct std::enable_if<false, const std::vector<bool, std::allocator<bool> >&>[m[K’
[3.151s] /opt/ros/foxy/include/rclcpp/node_impl.hpp: In instantiation of ‘[01m[Kauto rclcpp::Node::declare_parameter(const string&, const ParameterT&, const ParameterDescriptor&, bool) [with ParameterT = std::vector<int>; std::string = std::__cxx11::basic_string<char>; rcl_interfaces::msg::ParameterDescriptor = rcl_interfaces::msg::ParameterDescriptor_<std::allocator<void> >][m[K’:
[3.151s] [01m[K/home/ws/src/tf03_driver/src/TF03.cpp:22:91:[m[K   required from here
[3.151s] [01m[K/opt/ros/foxy/include/rclcpp/parameter_value.hpp:309:3:[m[K [01;36m[Knote: [m[Kcandidate: ‘[01m[Ktemplate<class type> constexpr typename std::enable_if<std::is_convertible<type, const std::vector<long int, std::allocator<long int> >&>::value, const std::vector<long int, std::allocator<long int> >&>::type rclcpp::ParameterValue::get() const[m[K’
[3.151s]   309 |   [01;36m[Kget[m[K() const
[3.151s]       |   [01;36m[K^~~[m[K
[3.152s] [01m[K/opt/ros/foxy/include/rclcpp/parameter_value.hpp:309:3:[m[K [01;36m[Knote: [m[K  template argument deduction/substitution failed:
[3.152s] /opt/ros/foxy/include/rclcpp/parameter_value.hpp: In substitution of ‘[01m[Ktemplate<class type> constexpr typename std::enable_if<std::is_convertible<type, const std::vector<long int, std::allocator<long int> >&>::value, const std::vector<long int, std::allocator<long int> >&>::type rclcpp::ParameterValue::get() const [with type = std::vector<int>][m[K’:
[3.152s] [01m[K/opt/ros/foxy/include/rclcpp/node_impl.hpp:169:23:[m[K   required from ‘[01m[Kauto rclcpp::Node::declare_parameter(const string&, const ParameterT&, const ParameterDescriptor&, bool) [with ParameterT = std::vector<int>; std::string = std::__cxx11::basic_string<char>; rcl_interfaces::msg::ParameterDescriptor = rcl_interfaces::msg::ParameterDescriptor_<std::allocator<void> >][m[K’
[3.152s] [01m[K/home/ws/src/tf03_driver/src/TF03.cpp:22:91:[m[K   required from here
[3.153s] [01m[K/opt/ros/foxy/include/rclcpp/parameter_value.hpp:309:3:[m[K [01;31m[Kerror: [m[Kno type named ‘[01m[Ktype[m[K’ in ‘[01m[Kstruct std::enable_if<false, const std::vector<long int, std::allocator<long int> >&>[m[K’
[3.153s] /opt/ros/foxy/include/rclcpp/node_impl.hpp: In instantiation of ‘[01m[Kauto rclcpp::Node::declare_parameter(const string&, const ParameterT&, const ParameterDescriptor&, bool) [with ParameterT = std::vector<int>; std::string = std::__cxx11::basic_string<char>; rcl_interfaces::msg::ParameterDescriptor = rcl_interfaces::msg::ParameterDescriptor_<std::allocator<void> >][m[K’:
[3.153s] [01m[K/home/ws/src/tf03_driver/src/TF03.cpp:22:91:[m[K   required from here
[3.153s] [01m[K/opt/ros/foxy/include/rclcpp/parameter_value.hpp:319:3:[m[K [01;36m[Knote: [m[Kcandidate: ‘[01m[Ktemplate<class type> constexpr typename std::enable_if<std::is_convertible<type, const std::vector<double, std::allocator<double> >&>::value, const std::vector<double, std::allocator<double> >&>::type rclcpp::ParameterValue::get() const[m[K’
[3.154s]   319 |   [01;36m[Kget[m[K() const
[3.154s]       |   [01;36m[K^~~[m[K
[3.154s] [01m[K/opt/ros/foxy/include/rclcpp/parameter_value.hpp:319:3:[m[K [01;36m[Knote: [m[K  template argument deduction/substitution failed:
[3.154s] /opt/ros/foxy/include/rclcpp/parameter_value.hpp: In substitution of ‘[01m[Ktemplate<class type> constexpr typename std::enable_if<std::is_convertible<type, const std::vector<double, std::allocator<double> >&>::value, const std::vector<double, std::allocator<double> >&>::type rclcpp::ParameterValue::get() const [with type = std::vector<int>][m[K’:
[3.155s] [01m[K/opt/ros/foxy/include/rclcpp/node_impl.hpp:169:23:[m[K   required from ‘[01m[Kauto rclcpp::Node::declare_parameter(const string&, const ParameterT&, const ParameterDescriptor&, bool) [with ParameterT = std::vector<int>; std::string = std::__cxx11::basic_string<char>; rcl_interfaces::msg::ParameterDescriptor = rcl_interfaces::msg::ParameterDescriptor_<std::allocator<void> >][m[K’
[3.155s] [01m[K/home/ws/src/tf03_driver/src/TF03.cpp:22:91:[m[K   required from here
[3.155s] [01m[K/opt/ros/foxy/include/rclcpp/parameter_value.hpp:319:3:[m[K [01;31m[Kerror: [m[Kno type named ‘[01m[Ktype[m[K’ in ‘[01m[Kstruct std::enable_if<false, const std::vector<double, std::allocator<double> >&>[m[K’
[3.155s] /opt/ros/foxy/include/rclcpp/node_impl.hpp: In instantiation of ‘[01m[Kauto rclcpp::Node::declare_parameter(const string&, const ParameterT&, const ParameterDescriptor&, bool) [with ParameterT = std::vector<int>; std::string = std::__cxx11::basic_string<char>; rcl_interfaces::msg::ParameterDescriptor = rcl_interfaces::msg::ParameterDescriptor_<std::allocator<void> >][m[K’:
[3.156s] [01m[K/home/ws/src/tf03_driver/src/TF03.cpp:22:91:[m[K   required from here
[3.156s] [01m[K/opt/ros/foxy/include/rclcpp/parameter_value.hpp:329:3:[m[K [01;36m[Knote: [m[Kcandidate: ‘[01m[Ktemplate<class type> constexpr typename std::enable_if<std::is_convertible<type, const std::vector<std::__cxx11::basic_string<char> >&>::value, const std::vector<std::__cxx11::basic_string<char> >&>::type rclcpp::ParameterValue::get() const[m[K’
[3.156s]   329 |   [01;36m[Kget[m[K() const
[3.156s]       |   [01;36m[K^~~[m[K
[3.157s] [01m[K/opt/ros/foxy/include/rclcpp/parameter_value.hpp:329:3:[m[K [01;36m[Knote: [m[K  template argument deduction/substitution failed:
[3.157s] /opt/ros/foxy/include/rclcpp/parameter_value.hpp: In substitution of ‘[01m[Ktemplate<class type> constexpr typename std::enable_if<std::is_convertible<type, const std::vector<std::__cxx11::basic_string<char> >&>::value, const std::vector<std::__cxx11::basic_string<char> >&>::type rclcpp::ParameterValue::get() const [with type = std::vector<int>][m[K’:
[3.157s] [01m[K/opt/ros/foxy/include/rclcpp/node_impl.hpp:169:23:[m[K   required from ‘[01m[Kauto rclcpp::Node::declare_parameter(const string&, const ParameterT&, const ParameterDescriptor&, bool) [with ParameterT = std::vector<int>; std::string = std::__cxx11::basic_string<char>; rcl_interfaces::msg::ParameterDescriptor = rcl_interfaces::msg::ParameterDescriptor_<std::allocator<void> >][m[K’
[3.157s] [01m[K/home/ws/src/tf03_driver/src/TF03.cpp:22:91:[m[K   required from here
[3.158s] [01m[K/opt/ros/foxy/include/rclcpp/parameter_value.hpp:329:3:[m[K [01;31m[Kerror: [m[Kno type named ‘[01m[Ktype[m[K’ in ‘[01m[Kstruct std::enable_if<false, const std::vector<std::__cxx11::basic_string<char> >&>[m[K’
[3.158s] [01m[K/home/ws/src/tf03_driver/src/TF03.cpp:[m[K In constructor ‘[01m[KTF03::TF03()[m[K’:
[3.158s] [01m[K/home/ws/src/tf03_driver/src/TF03.cpp:92:27:[m[K [01;35m[Kwarning: [m[Kcomparison of integer expressions of different signedness: ‘[01m[Kint[m[K’ and ‘[01m[Kstd::vector<std::__cxx11::basic_string<char> >::size_type[m[K’ {aka ‘[01m[Klong unsigned int[m[K’} [[01;35m[K-Wsign-compare[m[K]
[3.158s]    92 |         for (int i = 0; [01;35m[Ki < sensor_frame.size()[m[K; i++)
[3.158s]       |                         [01;35m[K~~^~~~~~~~~~~~~~~~~~~~~[m[K
[3.200s] [01m[K/home/ws/src/tf03_driver/src/TF03.cpp:152:159:[m[K [01;31m[Kerror: [m[Kno matching function for call to ‘[01m[Kstd::pair<int, rclcpp::Publisher<sensor_msgs::msg::Range_<std::allocator<void> > > >::pair(const int&, std::shared_ptr<rclcpp::Publisher<sensor_msgs::msg::Range_<std::allocator<void> > > >)[m[K’
[3.202s]   152 |             sensor_pub.insert(std::pair<int,rclcpp::Publisher<sensor_msgs::msg::Range>>(s.first, this->create_publisher<sensor_msgs::msg::Range>("sensor/",10)[01;31m[K)[m[K);
[3.202s]       |                                                                                                                                                               [01;31m[K^[m[K
[3.202s] In file included from [01m[K/usr/include/c++/9/bits/stl_algobase.h:64[m[K,
[3.202s]                  from [01m[K/usr/include/c++/9/bits/char_traits.h:39[m[K,
[3.203s]                  from [01m[K/usr/include/c++/9/ios:40[m[K,
[3.203s]                  from [01m[K/usr/include/c++/9/ostream:38[m[K,
[3.203s]                  from [01m[K/usr/include/c++/9/iostream:39[m[K,
[3.203s]                  from [01m[K/home/ws/src/tf03_driver/include/TF03.h:2[m[K,
[3.203s]                  from [01m[K/home/ws/src/tf03_driver/src/TF03.cpp:1[m[K:
[3.204s] [01m[K/usr/include/c++/9/bits/stl_pair.h:436:9:[m[K [01;36m[Knote: [m[Kcandidate: ‘[01m[Ktemplate<class ... _Args1, long unsigned int ..._Indexes1, class ... _Args2, long unsigned int ..._Indexes2> std::pair<_T1, _T2>::pair(std::tuple<_Args1 ...>&, std::tuple<_Args2 ...>&, std::_Index_tuple<_Indexes1 ...>, std::_Index_tuple<_Indexes2 ...>)[m[K’
[3.204s]   436 |         [01;36m[Kpair[m[K(tuple<_Args1...>&, tuple<_Args2...>&,
[3.204s]       |         [01;36m[K^~~~[m[K
[3.204s] [01m[K/usr/include/c++/9/bits/stl_pair.h:436:9:[m[K [01;36m[Knote: [m[K  template argument deduction/substitution failed:
[3.205s] [01m[K/home/ws/src/tf03_driver/src/TF03.cpp:152:159:[m[K [01;36m[Knote: [m[K  mismatched types ‘[01m[Kstd::tuple<_Tps ...>[m[K’ and ‘[01m[Kconst int[m[K’
[3.205s]   152 |             sensor_pub.insert(std::pair<int,rclcpp::Publisher<sensor_msgs::msg::Range>>(s.first, this->create_publisher<sensor_msgs::msg::Range>("sensor/",10)[01;36m[K)[m[K);
[3.205s]       |                                                                                                                                                               [01;36m[K^[m[K
[3.205s] In file included from [01m[K/usr/include/c++/9/bits/stl_algobase.h:64[m[K,
[3.205s]                  from [01m[K/usr/include/c++/9/bits/char_traits.h:39[m[K,
[3.205s]                  from [01m[K/usr/include/c++/9/ios:40[m[K,
[3.206s]                  from [01m[K/usr/include/c++/9/ostream:38[m[K,
[3.206s]                  from [01m[K/usr/include/c++/9/iostream:39[m[K,
[3.206s]                  from [01m[K/home/ws/src/tf03_driver/include/TF03.h:2[m[K,
[3.206s]                  from [01m[K/home/ws/src/tf03_driver/src/TF03.cpp:1[m[K:
[3.206s] [01m[K/usr/include/c++/9/bits/stl_pair.h:375:9:[m[K [01;36m[Knote: [m[Kcandidate: ‘[01m[Ktemplate<class ... _Args1, class ... _Args2> std::pair<_T1, _T2>::pair(std::piecewise_construct_t, std::tuple<_Args1 ...>, std::tuple<_Args2 ...>)[m[K’
[3.207s]   375 |         [01;36m[Kpair[m[K(piecewise_construct_t, tuple<_Args1...>, tuple<_Args2...>);
[3.207s]       |         [01;36m[K^~~~[m[K
[3.207s] [01m[K/usr/include/c++/9/bits/stl_pair.h:375:9:[m[K [01;36m[Knote: [m[K  template argument deduction/substitution failed:
[3.207s] [01m[K/home/ws/src/tf03_driver/src/TF03.cpp:152:159:[m[K [01;36m[Knote: [m[K  ‘[01m[Kstd::shared_ptr<rclcpp::Publisher<sensor_msgs::msg::Range_<std::allocator<void> > > >[m[K’ is not derived from ‘[01m[Kstd::tuple<_Tps ...>[m[K’
[3.208s]   152 |             sensor_pub.insert(std::pair<int,rclcpp::Publisher<sensor_msgs::msg::Range>>(s.first, this->create_publisher<sensor_msgs::msg::Range>("sensor/",10)[01;36m[K)[m[K);
[3.208s]       |                                                                                                                                                               [01;36m[K^[m[K
[3.208s] In file included from [01m[K/usr/include/c++/9/bits/stl_algobase.h:64[m[K,
[3.208s]                  from [01m[K/usr/include/c++/9/bits/char_traits.h:39[m[K,
[3.208s]                  from [01m[K/usr/include/c++/9/ios:40[m[K,
[3.209s]                  from [01m[K/usr/include/c++/9/ostream:38[m[K,
[3.209s]                  from [01m[K/usr/include/c++/9/iostream:39[m[K,
[3.209s]                  from [01m[K/home/ws/src/tf03_driver/include/TF03.h:2[m[K,
[3.209s]                  from [01m[K/home/ws/src/tf03_driver/src/TF03.cpp:1[m[K:
[3.209s] [01m[K/usr/include/c++/9/bits/stl_pair.h:370:21:[m[K [01;36m[Knote: [m[Kcandidate: ‘[01m[Ktemplate<class _U1, class _U2, typename std::enable_if<(std::_PCC<((! std::is_same<int, _U1>::value) || (! std::is_same<rclcpp::Publisher<sensor_msgs::msg::Range_<std::allocator<void> > >, _U2>::value)), int, rclcpp::Publisher<sensor_msgs::msg::Range_<std::allocator<void> > > >::_MoveConstructiblePair<_U1, _U2>() && (! std::_PCC<((! std::is_same<int, _U1>::value) || (! std::is_same<rclcpp::Publisher<sensor_msgs::msg::Range_<std::allocator<void> > >, _U2>::value)), int, rclcpp::Publisher<sensor_msgs::msg::Range_<std::allocator<void> > > >::_ImplicitlyMoveConvertiblePair<_U1, _U2>())), bool>::type <anonymous> > constexpr std::pair<_T1, _T2>::pair(std::pair<_U1, _U2>&&)[m[K’
[3.210s]   370 |  explicit constexpr [01;36m[Kpair[m[K(pair<_U1, _U2>&& __p)
[3.210s]       |                     [01;36m[K^~~~[m[K
[3.210s] [01m[K/usr/include/c++/9/bits/stl_pair.h:370:21:[m[K [01;36m[Knote: [m[K  template argument deduction/substitution failed:
[3.210s] [01m[K/home/ws/src/tf03_driver/src/TF03.cpp:152:159:[m[K [01;36m[Knote: [m[K  mismatched types ‘[01m[Kstd::pair<_T1, _T2>[m[K’ and ‘[01m[Kconst int[m[K’
[3.210s]   152 |             sensor_pub.insert(std::pair<int,rclcpp::Publisher<sensor_msgs::msg::Range>>(s.first, this->create_publisher<sensor_msgs::msg::Range>("sensor/",10)[01;36m[K)[m[K);
[3.211s]       |                                                                                                                                                               [01;36m[K^[m[K
[3.211s] In file included from [01m[K/usr/include/c++/9/bits/stl_algobase.h:64[m[K,
[3.211s]                  from [01m[K/usr/include/c++/9/bits/char_traits.h:39[m[K,
[3.211s]                  from [01m[K/usr/include/c++/9/ios:40[m[K,
[3.211s]                  from [01m[K/usr/include/c++/9/ostream:38[m[K,
[3.211s]                  from [01m[K/usr/include/c++/9/iostream:39[m[K,
[3.212s]                  from [01m[K/home/ws/src/tf03_driver/include/TF03.h:2[m[K,
[3.212s]                  from [01m[K/home/ws/src/tf03_driver/src/TF03.cpp:1[m[K:
[3.212s] [01m[K/usr/include/c++/9/bits/stl_pair.h:360:12:[m[K [01;36m[Knote: [m[Kcandidate: ‘[01m[Ktemplate<class _U1, class _U2, typename std::enable_if<(std::_PCC<((! std::is_same<int, _U1>::value) || (! std::is_same<rclcpp::Publisher<sensor_msgs::msg::Range_<std::allocator<void> > >, _U2>::value)), int, rclcpp::Publisher<sensor_msgs::msg::Range_<std::allocator<void> > > >::_MoveConstructiblePair<_U1, _U2>() && std::_PCC<((! std::is_same<int, _U1>::value) || (! std::is_same<rclcpp::Publisher<sensor_msgs::msg::Range_<std::allocator<void> > >, _U2>::value)), int, rclcpp::Publisher<sensor_msgs::msg::Range_<std::allocator<void> > > >::_ImplicitlyMoveConvertiblePair<_U1, _U2>()), bool>::type <anonymous> > constexpr std::pair<_T1, _T2>::pair(std::pair<_U1, _U2>&&)[m[K’
[3.212s]   360 |  constexpr [01;36m[Kpair[m[K(pair<_U1, _U2>&& __p)
[3.213s]       |            [01;36m[K^~~~[m[K
[3.213s] [01m[K/usr/include/c++/9/bits/stl_pair.h:360:12:[m[K [01;36m[Knote: [m[K  template argument deduction/substitution failed:
[3.213s] [01m[K/home/ws/src/tf03_driver/src/TF03.cpp:152:159:[m[K [01;36m[Knote: [m[K  mismatched types ‘[01m[Kstd::pair<_T1, _T2>[m[K’ and ‘[01m[Kconst int[m[K’
[3.213s]   152 |             sensor_pub.insert(std::pair<int,rclcpp::Publisher<sensor_msgs::msg::Range>>(s.first, this->create_publisher<sensor_msgs::msg::Range>("sensor/",10)[01;36m[K)[m[K);
[3.214s]       |                                                                                                                                                               [01;36m[K^[m[K
[3.214s] In file included from [01m[K/usr/include/c++/9/bits/stl_algobase.h:64[m[K,
[3.214s]                  from [01m[K/usr/include/c++/9/bits/char_traits.h:39[m[K,
[3.214s]                  from [01m[K/usr/include/c++/9/ios:40[m[K,
[3.214s]                  from [01m[K/usr/include/c++/9/ostream:38[m[K,
[3.215s]                  from [01m[K/usr/include/c++/9/iostream:39[m[K,
[3.215s]                  from [01m[K/home/ws/src/tf03_driver/include/TF03.h:2[m[K,
[3.215s]                  from [01m[K/home/ws/src/tf03_driver/src/TF03.cpp:1[m[K:
[3.215s] [01m[K/usr/include/c++/9/bits/stl_pair.h:350:21:[m[K [01;36m[Knote: [m[Kcandidate: ‘[01m[Ktemplate<class _U1, class _U2, typename std::enable_if<(_MoveConstructiblePair<_U1, _U2>() && (! _ImplicitlyMoveConvertiblePair<_U1, _U2>())), bool>::type <anonymous> > constexpr std::pair<_T1, _T2>::pair(_U1&&, _U2&&)[m[K’
[3.215s]   350 |  explicit constexpr [01;36m[Kpair[m[K(_U1&& __x, _U2&& __y)
[3.216s]       |                     [01;36m[K^~~~[m[K
[3.216s] [01m[K/usr/include/c++/9/bits/stl_pair.h:350:21:[m[K [01;36m[Knote: [m[K  template argument deduction/substitution failed:
[3.216s] [01m[K/usr/include/c++/9/bits/stl_pair.h:349:38:[m[K [01;31m[Kerror: [m[Kno type named ‘[01m[Ktype[m[K’ in ‘[01m[Kstruct std::enable_if<false, bool>[m[K’
[3.216s]   349 |                          bool>::type=[01;31m[Kfalse[m[K>
[3.217s]       |                                      [01;31m[K^~~~~[m[K
[3.217s] [01m[K/usr/include/c++/9/bits/stl_pair.h:341:12:[m[K [01;36m[Knote: [m[Kcandidate: ‘[01m[Ktemplate<class _U1, class _U2, typename std::enable_if<(_MoveConstructiblePair<_U1, _U2>() && _ImplicitlyMoveConvertiblePair<_U1, _U2>()), bool>::type <anonymous> > constexpr std::pair<_T1, _T2>::pair(_U1&&, _U2&&)[m[K’
[3.217s]   341 |  constexpr [01;36m[Kpair[m[K(_U1&& __x, _U2&& __y)
[3.217s]       |            [01;36m[K^~~~[m[K
[3.217s] [01m[K/usr/include/c++/9/bits/stl_pair.h:341:12:[m[K [01;36m[Knote: [m[K  template argument deduction/substitution failed:
[3.218s] [01m[K/usr/include/c++/9/bits/stl_pair.h:340:38:[m[K [01;31m[Kerror: [m[Kno type named ‘[01m[Ktype[m[K’ in ‘[01m[Kstruct std::enable_if<false, bool>[m[K’
[3.218s]   340 |                          bool>::type=[01;31m[Ktrue[m[K>
[3.218s]       |                                      [01;31m[K^~~~[m[K
[3.218s] [01m[K/usr/include/c++/9/bits/stl_pair.h:332:17:[m[K [01;36m[Knote: [m[Kcandidate: ‘[01m[Ktemplate<class _U2, typename std::enable_if<_CopyMovePair<false, int, _U2>(), bool>::type <anonymous> > std::pair<_T1, _T2>::pair(const _T1&, _U2&&)[m[K’
[3.219s]   332 |        explicit [01;36m[Kpair[m[K(const _T1& __x, _U2&& __y)
[3.219s]       |                 [01;36m[K^~~~[m[K
[3.219s] [01m[K/usr/include/c++/9/bits/stl_pair.h:332:17:[m[K [01;36m[Knote: [m[K  template argument deduction/substitution failed:
[3.219s] [01m[K/usr/include/c++/9/bits/stl_pair.h:331:38:[m[K [01;31m[Kerror: [m[Kno type named ‘[01m[Ktype[m[K’ in ‘[01m[Kstruct std::enable_if<false, bool>[m[K’
[3.219s]   331 |                          bool>::type=[01;31m[Kfalse[m[K>
[3.220s]       |                                      [01;31m[K^~~~~[m[K
[3.220s] [01m[K/usr/include/c++/9/bits/stl_pair.h:325:18:[m[K [01;36m[Knote: [m[Kcandidate: ‘[01m[Ktemplate<class _U2, typename std::enable_if<_CopyMovePair<true, int, _U2>(), bool>::type <anonymous> > constexpr std::pair<_T1, _T2>::pair(const _T1&, _U2&&)[m[K’
[3.220s]   325 |        constexpr [01;36m[Kpair[m[K(const _T1& __x, _U2&& __y)
[3.220s]       |                  [01;36m[K^~~~[m[K
[3.220s] [01m[K/usr/include/c++/9/bits/stl_pair.h:325:18:[m[K [01;36m[Knote: [m[K  template argument deduction/substitution failed:
[3.221s] [01m[K/usr/include/c++/9/bits/stl_pair.h:324:38:[m[K [01;31m[Kerror: [m[Kno type named ‘[01m[Ktype[m[K’ in ‘[01m[Kstruct std::enable_if<false, bool>[m[K’
[3.221s]   324 |                          bool>::type=[01;31m[Ktrue[m[K>
[3.221s]       |                                      [01;31m[K^~~~[m[K
[3.221s] [01m[K/usr/include/c++/9/bits/stl_pair.h:318:27:[m[K [01;36m[Knote: [m[Kcandidate: ‘[01m[Ktemplate<class _U1, typename std::enable_if<_MoveCopyPair<false, _U1, rclcpp::Publisher<sensor_msgs::msg::Range_<std::allocator<void> >, std::allocator<void> > >(), bool>::type <anonymous> > constexpr std::pair<_T1, _T2>::pair(_U1&&, const _T2&)[m[K’
[3.221s]   318 |        explicit constexpr [01;36m[Kpair[m[K(_U1&& __x, const _T2& __y)
[3.222s]       |                           [01;36m[K^~~~[m[K
[3.222s] [01m[K/usr/include/c++/9/bits/stl_pair.h:318:27:[m[K [01;36m[Knote: [m[K  template argument deduction/substitution failed:
[3.222s] [01m[K/usr/include/c++/9/bits/stl_pair.h:317:38:[m[K [01;31m[Kerror: [m[Kno type named ‘[01m[Ktype[m[K’ in ‘[01m[Kstruct std::enable_if<false, bool>[m[K’
[3.222s]   317 |                          bool>::type=[01;31m[Kfalse[m[K>
[3.223s]       |                                      [01;31m[K^~~~~[m[K
[3.223s] [01m[K/usr/include/c++/9/bits/stl_pair.h:311:18:[m[K [01;36m[Knote: [m[Kcandidate: ‘[01m[Ktemplate<class _U1, typename std::enable_if<_MoveCopyPair<true, _U1, rclcpp::Publisher<sensor_msgs::msg::Range_<std::allocator<void> >, std::allocator<void> > >(), bool>::type <anonymous> > constexpr std::pair<_T1, _T2>::pair(_U1&&, const _T2&)[m[K’
[3.223s]   311 |        constexpr [01;36m[Kpair[m[K(_U1&& __x, const _T2& __y)
[3.223s]       |                  [01;36m[K^~~~[m[K
[3.223s] [01m[K/usr/include/c++/9/bits/stl_pair.h:311:18:[m[K [01;36m[Knote: [m[K  template argument deduction/substitution failed:
[3.224s] [01m[K/home/ws/src/tf03_driver/src/TF03.cpp:152:145:[m[K [01;36m[Knote: [m[K  cannot convert ‘[01m[Krclcpp::Node::create_publisher(const string&, const rclcpp::QoS&, const rclcpp::PublisherOptionsWithAllocator<AllocatorT>&) [with MessageT = sensor_msgs::msg::Range_<std::allocator<void> >; AllocatorT = std::allocator<void>; PublisherT = rclcpp::Publisher<sensor_msgs::msg::Range_<std::allocator<void> > >; std::string = std::__cxx11::basic_string<char>](std::__cxx11::basic_string<char>(((const char*)"sensor/"), std::allocator<char>()), rclcpp::QoS(10), rclcpp::PublisherOptionsWithAllocator<std::allocator<void> >())[m[K’ (type ‘[01m[Kstd::shared_ptr<rclcpp::Publisher<sensor_msgs::msg::Range_<std::allocator<void> > > >[m[K’) to type ‘[01m[Kconst rclcpp::Publisher<sensor_msgs::msg::Range_<std::allocator<void> > >&[m[K’
[3.224s]   152 |             sensor_pub.insert(std::pair<int,rclcpp::Publisher<sensor_msgs::msg::Range>>(s.first, [01;36m[Kthis->create_publisher<sensor_msgs::msg::Range>("sensor/",10)[m[K));
[3.224s]       |                                                                                                  [01;36m[K~~~~~~~~~~~~~~~~~~~~~~~~~~~~~~~~~~~~~~~~~~~~~~~^~~~~~~~~~~~~~[m[K
[3.224s] In file included from [01m[K/usr/include/c++/9/bits/stl_algobase.h:64[m[K,
[3.224s]                  from [01m[K/usr/include/c++/9/bits/char_traits.h:39[m[K,
[3.225s]                  from [01m[K/usr/include/c++/9/ios:40[m[K,
[3.225s]                  from [01m[K/usr/include/c++/9/ostream:38[m[K,
[3.225s]                  from [01m[K/usr/include/c++/9/iostream:39[m[K,
[3.225s]                  from [01m[K/home/ws/src/tf03_driver/include/TF03.h:2[m[K,
[3.225s]                  from [01m[K/home/ws/src/tf03_driver/src/TF03.cpp:1[m[K:
[3.226s] [01m[K/usr/include/c++/9/bits/stl_pair.h:304:17:[m[K [01;36m[Knote: [m[Kcandidate: ‘[01m[Kstd::pair<_T1, _T2>::pair(std::pair<_T1, _T2>&&) [with _T1 = int; _T2 = rclcpp::Publisher<sensor_msgs::msg::Range_<std::allocator<void> > >][m[K’
[3.226s]   304 |       constexpr [01;36m[Kpair[m[K(pair&&) = default;
[3.226s]       |                 [01;36m[K^~~~[m[K
[3.226s] [01m[K/usr/include/c++/9/bits/stl_pair.h:304:17:[m[K [01;36m[Knote: [m[K  candidate expects 1 argument, 2 provided
[3.226s] [01m[K/usr/include/c++/9/bits/stl_pair.h:303:17:[m[K [01;36m[Knote: [m[Kcandidate: ‘[01m[Kstd::pair<_T1, _T2>::pair(const std::pair<_T1, _T2>&) [with _T1 = int; _T2 = rclcpp::Publisher<sensor_msgs::msg::Range_<std::allocator<void> > >][m[K’
[3.227s]   303 |       constexpr [01;36m[Kpair[m[K(const pair&) = default;
[3.227s]       |                 [01;36m[K^~~~[m[K
[3.227s] [01m[K/usr/include/c++/9/bits/stl_pair.h:303:17:[m[K [01;36m[Knote: [m[K  candidate expects 1 argument, 2 provided
[3.227s] [01m[K/usr/include/c++/9/bits/stl_pair.h:300:21:[m[K [01;36m[Knote: [m[Kcandidate: ‘[01m[Ktemplate<class _U1, class _U2, typename std::enable_if<(std::_PCC<((! std::is_same<int, _U1>::value) || (! std::is_same<rclcpp::Publisher<sensor_msgs::msg::Range_<std::allocator<void> > >, _U2>::value)), int, rclcpp::Publisher<sensor_msgs::msg::Range_<std::allocator<void> > > >::_ConstructiblePair<_U1, _U2>() && (! std::_PCC<((! std::is_same<int, _U1>::value) || (! std::is_same<rclcpp::Publisher<sensor_msgs::msg::Range_<std::allocator<void> > >, _U2>::value)), int, rclcpp::Publisher<sensor_msgs::msg::Range_<std::allocator<void> > > >::_ImplicitlyConvertiblePair<_U1, _U2>())), bool>::type <anonymous> > constexpr std::pair<_T1, _T2>::pair(const std::pair<_U1, _U2>&)[m[K’
[3.227s]   300 |  explicit constexpr [01;36m[Kpair[m[K(const pair<_U1, _U2>& __p)
[3.228s]       |                     [01;36m[K^~~~[m[K
[3.228s] [01m[K/usr/include/c++/9/bits/stl_pair.h:300:21:[m[K [01;36m[Knote: [m[K  template argument deduction/substitution failed:
[3.228s] [01m[K/home/ws/src/tf03_driver/src/TF03.cpp:152:159:[m[K [01;36m[Knote: [m[K  mismatched types ‘[01m[Kconst std::pair<_T1, _T2>[m[K’ and ‘[01m[Kconst int[m[K’
[3.228s]   152 |             sensor_pub.insert(std::pair<int,rclcpp::Publisher<sensor_msgs::msg::Range>>(s.first, this->create_publisher<sensor_msgs::msg::Range>("sensor/",10)[01;36m[K)[m[K);
[3.228s]       |                                                                                                                                                               [01;36m[K^[m[K
[3.229s] In file included from [01m[K/usr/include/c++/9/bits/stl_algobase.h:64[m[K,
[3.229s]                  from [01m[K/usr/include/c++/9/bits/char_traits.h:39[m[K,
[3.229s]                  from [01m[K/usr/include/c++/9/ios:40[m[K,
[3.229s]                  from [01m[K/usr/include/c++/9/ostream:38[m[K,
[3.230s]                  from [01m[K/usr/include/c++/9/iostream:39[m[K,
[3.230s]                  from [01m[K/home/ws/src/tf03_driver/include/TF03.h:2[m[K,
[3.230s]                  from [01m[K/home/ws/src/tf03_driver/src/TF03.cpp:1[m[K:
[3.230s] [01m[K/usr/include/c++/9/bits/stl_pair.h:291:19:[m[K [01;36m[Knote: [m[Kcandidate: ‘[01m[Ktemplate<class _U1, class _U2, typename std::enable_if<(std::_PCC<((! std::is_same<int, _U1>::value) || (! std::is_same<rclcpp::Publisher<sensor_msgs::msg::Range_<std::allocator<void> > >, _U2>::value)), int, rclcpp::Publisher<sensor_msgs::msg::Range_<std::allocator<void> > > >::_ConstructiblePair<_U1, _U2>() && std::_PCC<((! std::is_same<int, _U1>::value) || (! std::is_same<rclcpp::Publisher<sensor_msgs::msg::Range_<std::allocator<void> > >, _U2>::value)), int, rclcpp::Publisher<sensor_msgs::msg::Range_<std::allocator<void> > > >::_ImplicitlyConvertiblePair<_U1, _U2>()), bool>::type <anonymous> > constexpr std::pair<_T1, _T2>::pair(const std::pair<_U1, _U2>&)[m[K’
[3.231s]   291 |         constexpr [01;36m[Kpair[m[K(const pair<_U1, _U2>& __p)
[3.231s]       |                   [01;36m[K^~~~[m[K
[3.231s] [01m[K/usr/include/c++/9/bits/stl_pair.h:291:19:[m[K [01;36m[Knote: [m[K  template argument deduction/substitution failed:
[3.231s] [01m[K/home/ws/src/tf03_driver/src/TF03.cpp:152:159:[m[K [01;36m[Knote: [m[K  mismatched types ‘[01m[Kconst std::pair<_T1, _T2>[m[K’ and ‘[01m[Kconst int[m[K’
[3.231s]   152 |             sensor_pub.insert(std::pair<int,rclcpp::Publisher<sensor_msgs::msg::Range>>(s.first, this->create_publisher<sensor_msgs::msg::Range>("sensor/",10)[01;36m[K)[m[K);
[3.232s]       |                                                                                                                                                               [01;36m[K^[m[K
[3.232s] In file included from [01m[K/usr/include/c++/9/bits/stl_algobase.h:64[m[K,
[3.232s]                  from [01m[K/usr/include/c++/9/bits/char_traits.h:39[m[K,
[3.233s]                  from [01m[K/usr/include/c++/9/ios:40[m[K,
[3.233s]                  from [01m[K/usr/include/c++/9/ostream:38[m[K,
[3.233s]                  from [01m[K/usr/include/c++/9/iostream:39[m[K,
[3.233s]                  from [01m[K/home/ws/src/tf03_driver/include/TF03.h:2[m[K,
[3.233s]                  from [01m[K/home/ws/src/tf03_driver/src/TF03.cpp:1[m[K:
[3.234s] [01m[K/usr/include/c++/9/bits/stl_pair.h:269:26:[m[K [01;36m[Knote: [m[Kcandidate: ‘[01m[Ktemplate<class _U1, class _U2, typename std::enable_if<(_ConstructiblePair<_U1, _U2>() && (! _ImplicitlyConvertiblePair<_U1, _U2>())), bool>::type <anonymous> > constexpr std::pair<_T1, _T2>::pair(const _T1&, const _T2&)[m[K’
[3.234s]   269 |       explicit constexpr [01;36m[Kpair[m[K(const _T1& __a, const _T2& __b)
[3.235s]       |                          [01;36m[K^~~~[m[K
[3.235s] [01m[K/usr/include/c++/9/bits/stl_pair.h:269:26:[m[K [01;36m[Knote: [m[K  template argument deduction/substitution failed:
[3.235s] [01m[K/usr/include/c++/9/bits/stl_pair.h:268:38:[m[K [01;31m[Kerror: [m[Kno type named ‘[01m[Ktype[m[K’ in ‘[01m[Kstruct std::enable_if<false, bool>[m[K’
[3.235s]   268 |                          bool>::type=[01;31m[Kfalse[m[K>
[3.236s]       |                                      [01;31m[K^~~~~[m[K
[3.236s] [01m[K/usr/include/c++/9/bits/stl_pair.h:260:17:[m[K [01;36m[Knote: [m[Kcandidate: ‘[01m[Ktemplate<class _U1, class _U2, typename std::enable_if<(_ConstructiblePair<_U1, _U2>() && _ImplicitlyConvertiblePair<_U1, _U2>()), bool>::type <anonymous> > constexpr std::pair<_T1, _T2>::pair(const _T1&, const _T2&)[m[K’
[3.236s]   260 |       constexpr [01;36m[Kpair[m[K(const _T1& __a, const _T2& __b)
[3.236s]       |                 [01;36m[K^~~~[m[K
[3.237s] [01m[K/usr/include/c++/9/bits/stl_pair.h:260:17:[m[K [01;36m[Knote: [m[K  template argument deduction/substitution failed:
[3.237s] [01m[K/home/ws/src/tf03_driver/src/TF03.cpp:152:145:[m[K [01;36m[Knote: [m[K  cannot convert ‘[01m[Krclcpp::Node::create_publisher(const string&, const rclcpp::QoS&, const rclcpp::PublisherOptionsWithAllocator<AllocatorT>&) [with MessageT = sensor_msgs::msg::Range_<std::allocator<void> >; AllocatorT = std::allocator<void>; PublisherT = rclcpp::Publisher<sensor_msgs::msg::Range_<std::allocator<void> > >; std::string = std::__cxx11::basic_string<char>](std::__cxx11::basic_string<char>(((const char*)"sensor/"), std::allocator<char>()), rclcpp::QoS(10), rclcpp::PublisherOptionsWithAllocator<std::allocator<void> >())[m[K’ (type ‘[01m[Kstd::shared_ptr<rclcpp::Publisher<sensor_msgs::msg::Range_<std::allocator<void> > > >[m[K’) to type ‘[01m[Kconst rclcpp::Publisher<sensor_msgs::msg::Range_<std::allocator<void> > >&[m[K’
[3.237s]   152 |             sensor_pub.insert(std::pair<int,rclcpp::Publisher<sensor_msgs::msg::Range>>(s.first, [01;36m[Kthis->create_publisher<sensor_msgs::msg::Range>("sensor/",10)[m[K));
[3.237s]       |                                                                                                  [01;36m[K~~~~~~~~~~~~~~~~~~~~~~~~~~~~~~~~~~~~~~~~~~~~~~~^~~~~~~~~~~~~~[m[K
[3.238s] In file included from [01m[K/usr/include/c++/9/bits/stl_algobase.h:64[m[K,
[3.238s]                  from [01m[K/usr/include/c++/9/bits/char_traits.h:39[m[K,
[3.238s]                  from [01m[K/usr/include/c++/9/ios:40[m[K,
[3.238s]                  from [01m[K/usr/include/c++/9/ostream:38[m[K,
[3.238s]                  from [01m[K/usr/include/c++/9/iostream:39[m[K,
[3.239s]                  from [01m[K/home/ws/src/tf03_driver/include/TF03.h:2[m[K,
[3.239s]                  from [01m[K/home/ws/src/tf03_driver/src/TF03.cpp:1[m[K:
[3.239s] [01m[K/usr/include/c++/9/bits/stl_pair.h:242:26:[m[K [01;36m[Knote: [m[Kcandidate: ‘[01m[Ktemplate<class _U1, class _U2, typename std::enable_if<std::__and_<std::is_default_constructible<_Tp>, std::is_default_constructible<_Dp>, std::__not_<std::__and_<std::__is_implicitly_default_constructible<_U1>, std::__is_implicitly_default_constructible<_U2> > > >::value, bool>::type <anonymous> > constexpr std::pair<_T1, _T2>::pair()[m[K’
[3.239s]   242 |       explicit constexpr [01;36m[Kpair[m[K()
[3.239s]       |                          [01;36m[K^~~~[m[K
[3.240s] [01m[K/usr/include/c++/9/bits/stl_pair.h:242:26:[m[K [01;36m[Knote: [m[K  template argument deduction/substitution failed:
[3.240s] [01m[K/home/ws/src/tf03_driver/src/TF03.cpp:152:159:[m[K [01;36m[Knote: [m[K  candidate expects 0 arguments, 2 provided
[3.240s]   152 |             sensor_pub.insert(std::pair<int,rclcpp::Publisher<sensor_msgs::msg::Range>>(s.first, this->create_publisher<sensor_msgs::msg::Range>("sensor/",10)[01;36m[K)[m[K);
[3.240s]       |                                                                                                                                                               [01;36m[K^[m[K
[3.241s] In file included from [01m[K/usr/include/c++/9/bits/stl_algobase.h:64[m[K,
[3.241s]                  from [01m[K/usr/include/c++/9/bits/char_traits.h:39[m[K,
[3.241s]                  from [01m[K/usr/include/c++/9/ios:40[m[K,
[3.241s]                  from [01m[K/usr/include/c++/9/ostream:38[m[K,
[3.241s]                  from [01m[K/usr/include/c++/9/iostream:39[m[K,
[3.242s]                  from [01m[K/home/ws/src/tf03_driver/include/TF03.h:2[m[K,
[3.242s]                  from [01m[K/home/ws/src/tf03_driver/src/TF03.cpp:1[m[K:
[3.242s] [01m[K/usr/include/c++/9/bits/stl_pair.h:229:26:[m[K [01;36m[Knote: [m[Kcandidate: ‘[01m[Ktemplate<class _U1, class _U2, typename std::enable_if<std::__and_<std::__is_implicitly_default_constructible<_U1>, std::__is_implicitly_default_constructible<_U2> >::value, bool>::type <anonymous> > constexpr std::pair<_T1, _T2>::pair()[m[K’
[3.242s]   229 |       _GLIBCXX_CONSTEXPR [01;36m[Kpair[m[K()
[3.242s]       |                          [01;36m[K^~~~[m[K
[3.243s] [01m[K/usr/include/c++/9/bits/stl_pair.h:229:26:[m[K [01;36m[Knote: [m[K  template argument deduction/substitution failed:
[3.243s] [01m[K/home/ws/src/tf03_driver/src/TF03.cpp:152:159:[m[K [01;36m[Knote: [m[K  candidate expects 0 arguments, 2 provided
[3.243s]   152 |             sensor_pub.insert(std::pair<int,rclcpp::Publisher<sensor_msgs::msg::Range>>(s.first, this->create_publisher<sensor_msgs::msg::Range>("sensor/",10)[01;36m[K)[m[K);
[3.243s]       |                                                                                                                                                               [01;36m[K^[m[K
[3.243s] [01m[K/home/ws/src/tf03_driver/src/TF03.cpp:[m[K In member function ‘[01m[Kvoid TF03::process_sensor_data()[m[K’:
[3.244s] [01m[K/home/ws/src/tf03_driver/src/TF03.cpp:202:34:[m[K [01;35m[Kwarning: [m[Kcatching polymorphic type ‘[01m[Kclass LibSerial::NotOpen[m[K’ by value [[01;35m[K-Wcatch-value=[m[K]
[3.244s]   202 |         catch (SerialPortNotOpen [01;35m[Ke[m[K)
[3.244s]       |                                  [01;35m[K^[m[K
[3.244s] [01m[K/home/ws/src/tf03_driver/src/TF03.cpp:206:38:[m[K [01;35m[Kwarning: [m[Kcatching polymorphic type ‘[01m[Kclass LibSerial::ReadTimeout[m[K’ by value [[01;35m[K-Wcatch-value=[m[K]
[3.244s]   206 |         catch (SerialPortReadTimeout [01;35m[Ke[m[K)
[3.245s]       |                                      [01;35m[K^[m[K
[3.245s] [01m[K/home/ws/src/tf03_driver/src/TF03.cpp:244:20:[m[K [01;35m[Kwarning: [m[Kcomparison of integer expressions of different signedness: ‘[01m[Kint[m[K’ and ‘[01m[Kcanid_t[m[K’ {aka ‘[01m[Kunsigned int[m[K’} [[01;35m[K-Wsign-compare[m[K]
[3.245s]   244 |             if ([01;35m[Kid == publish_frame.can_id[m[K)
[3.245s]       |                 [01;35m[K~~~^~~~~~~~~~~~~~~~~~~~~~~[m[K
[3.245s] [01m[K/home/ws/src/tf03_driver/src/TF03.cpp:241:13:[m[K [01;35m[Kwarning: [m[Kunused variable ‘[01m[Knbytes[m[K’ [[01;35m[K-Wunused-variable[m[K]
[3.246s]   241 |         int [01;35m[Knbytes[m[K = read(can_socket, &publish_frame, sizeof(struct can_frame));
[3.246s]       |             [01;35m[K^~~~~~[m[K
[3.252s] [01m[K/home/ws/src/tf03_driver/src/TF03.cpp:[m[K In member function ‘[01m[Kvoid TF03::process_incoming_buffer(std::vector<unsigned char, std::allocator<unsigned char> >, int)[m[K’:
[3.252s] [01m[K/home/ws/src/tf03_driver/src/TF03.cpp:316:15:[m[K [01;35m[Kwarning: [m[Kunused variable ‘[01m[Kstrength[m[K’ [[01;35m[K-Wunused-variable[m[K]
[3.253s]   316 |         u_int [01;35m[Kstrength[m[K = strength_high_byte * 256 + strength_low_byte;
[3.253s]       |               [01;35m[K^~~~~~~~[m[K
[3.268s] [01m[K/home/ws/src/tf03_driver/src/TF03.cpp:[m[K In member function ‘[01m[Kint TF03::init_sensor(tf_03_interface, std::string)[m[K’:
[3.268s] [01m[K/home/ws/src/tf03_driver/src/TF03.cpp:473:31:[m[K [01;35m[Kwarning: [m[Kcatching polymorphic type ‘[01m[Kclass LibSerial::OpenFailed[m[K’ by value [[01;35m[K-Wcatch-value=[m[K]
[3.269s]   473 |             catch (LibSerial::[01;35m[KOpenFailed[m[K)
[3.269s]       |                               [01;35m[K^~~~~~~~~~[m[K
[3.288s] [01m[K/home/ws/src/tf03_driver/src/TF03.cpp:[m[K In member function ‘[01m[Kvoid TF03::write_command_data(tf_03_interface, std::vector<unsigned char, std::allocator<unsigned char> >)[m[K’:
[3.288s] [01m[K/home/ws/src/tf03_driver/src/TF03.cpp:606:31:[m[K [01;35m[Kwarning: [m[Kcomparison of integer expressions of different signedness: ‘[01m[Kint[m[K’ and ‘[01m[Kstd::vector<unsigned char, std::allocator<unsigned char> >::size_type[m[K’ {aka ‘[01m[Klong unsigned int[m[K’} [[01;35m[K-Wsign-compare[m[K]
[3.288s]   606 |         for (int cnt = 0; [01;35m[Kcnt < data.size()[m[K; cnt++)
[3.288s]       |                           [01;35m[K~~~~^~~~~~~~~~~~~[m[K
[3.289s] [01m[K/home/ws/src/tf03_driver/src/TF03.cpp:610:13:[m[K [01;35m[Kwarning: [m[Kunused variable ‘[01m[Knbytes[m[K’ [[01;35m[K-Wunused-variable[m[K]
[3.289s]   610 |         int [01;35m[Knbytes[m[K = write(can_socket, frame, sizeof(struct can_frame));
[3.289s]       |             [01;35m[K^~~~~~[m[K
[3.472s] In file included from [01m[K/opt/ros/foxy/include/rclcpp/node_interfaces/node_parameters_interface.hpp:28[m[K,
[3.474s]                  from [01m[K/opt/ros/foxy/include/rclcpp/node.hpp:51[m[K,
[3.474s]                  from [01m[K/opt/ros/foxy/include/rclcpp/executors/single_threaded_executor.hpp:28[m[K,
[3.474s]                  from [01m[K/opt/ros/foxy/include/rclcpp/executors.hpp:22[m[K,
[3.474s]                  from [01m[K/opt/ros/foxy/include/rclcpp/rclcpp.hpp:146[m[K,
[3.475s]                  from [01m[K/home/ws/src/tf03_driver/include/TF03.h:12[m[K,
[3.475s]                  from [01m[K/home/ws/src/tf03_driver/src/TF03.cpp:1[m[K:
[3.475s] /opt/ros/foxy/include/rclcpp/parameter.hpp: In instantiation of ‘[01m[Kauto rclcpp::detail::get_value_helper(const rclcpp::Parameter*) [with T = std::vector<int>][m[K’:
[3.475s] [01m[K/opt/ros/foxy/include/rclcpp/parameter.hpp:273:39:[m[K   required from ‘[01m[Kdecltype(auto) rclcpp::Parameter::get_value() const [with T = std::vector<int>][m[K’
[3.476s] [01m[K/opt/ros/foxy/include/rclcpp/node_impl.hpp:234:17:[m[K   required from ‘[01m[Kbool rclcpp::Node::get_parameter(const string&, ParameterT&) const [with ParameterT = std::vector<int>; std::string = std::__cxx11::basic_string<char>][m[K’
[3.476s] [01m[K/home/ws/src/tf03_driver/src/TF03.cpp:14:58:[m[K   required from here
[3.476s] [01m[K/opt/ros/foxy/include/rclcpp/parameter.hpp:239:50:[m[K [01;31m[Kerror: [m[Kno matching function for call to ‘[01m[Krclcpp::ParameterValue::get<std::vector<int, std::allocator<int> > >() const[m[K’
[3.476s]   239 |   return parameter->get_parameter_value().get<T>([01;31m[K)[m[K;
[3.477s]       |                                                  [01;31m[K^[m[K
[3.477s] In file included from [01m[K/opt/ros/foxy/include/rclcpp/parameter.hpp:26[m[K,
[3.477s]                  from [01m[K/opt/ros/foxy/include/rclcpp/node_interfaces/node_parameters_interface.hpp:28[m[K,
[3.477s]                  from [01m[K/opt/ros/foxy/include/rclcpp/node.hpp:51[m[K,
[3.478s]                  from [01m[K/opt/ros/foxy/include/rclcpp/executors/single_threaded_executor.hpp:28[m[K,
[3.478s]                  from [01m[K/opt/ros/foxy/include/rclcpp/executors.hpp:22[m[K,
[3.478s]                  from [01m[K/opt/ros/foxy/include/rclcpp/rclcpp.hpp:146[m[K,
[3.478s]                  from [01m[K/home/ws/src/tf03_driver/include/TF03.h:12[m[K,
[3.479s]                  from [01m[K/home/ws/src/tf03_driver/src/TF03.cpp:1[m[K:
[3.479s] [01m[K/opt/ros/foxy/include/rclcpp/parameter_value.hpp:148:3:[m[K [01;36m[Knote: [m[Kcandidate: ‘[01m[Ktemplate<rclcpp::ParameterType type> constexpr typename std::enable_if<(type == rclcpp::PARAMETER_BOOL), const bool&>::type rclcpp::ParameterValue::get() const[m[K’
[3.479s]   148 |   [01;36m[Kget[m[K() const
[3.479s]       |   [01;36m[K^~~[m[K
[3.480s] [01m[K/opt/ros/foxy/include/rclcpp/parameter_value.hpp:148:3:[m[K [01;36m[Knote: [m[K  template argument deduction/substitution failed:
[3.480s] [01m[K/opt/ros/foxy/include/rclcpp/parameter_value.hpp:159:3:[m[K [01;36m[Knote: [m[Kcandidate: ‘[01m[Ktemplate<rclcpp::ParameterType type> constexpr typename std::enable_if<(type == rclcpp::PARAMETER_INTEGER), const long int&>::type rclcpp::ParameterValue::get() const[m[K’
[3.480s]   159 |   [01;36m[Kget[m[K() const
[3.480s]       |   [01;36m[K^~~[m[K
[3.481s] [01m[K/opt/ros/foxy/include/rclcpp/parameter_value.hpp:159:3:[m[K [01;36m[Knote: [m[K  template argument deduction/substitution failed:
[3.481s] [01m[K/opt/ros/foxy/include/rclcpp/parameter_value.hpp:170:3:[m[K [01;36m[Knote: [m[Kcandidate: ‘[01m[Ktemplate<rclcpp::ParameterType type> constexpr typename std::enable_if<(type == rclcpp::PARAMETER_DOUBLE), const double&>::type rclcpp::ParameterValue::get() const[m[K’
[3.481s]   170 |   [01;36m[Kget[m[K() const
[3.481s]       |   [01;36m[K^~~[m[K
[3.482s] [01m[K/opt/ros/foxy/include/rclcpp/parameter_value.hpp:170:3:[m[K [01;36m[Knote: [m[K  template argument deduction/substitution failed:
[3.482s] [01m[K/opt/ros/foxy/include/rclcpp/parameter_value.hpp:181:3:[m[K [01;36m[Knote: [m[Kcandidate: ‘[01m[Ktemplate<rclcpp::ParameterType type> constexpr typename std::enable_if<(type == rclcpp::PARAMETER_STRING), const std::__cxx11::basic_string<char>&>::type rclcpp::ParameterValue::get() const[m[K’
[3.482s]   181 |   [01;36m[Kget[m[K() const
[3.482s]       |   [01;36m[K^~~[m[K
[3.483s] [01m[K/opt/ros/foxy/include/rclcpp/parameter_value.hpp:181:3:[m[K [01;36m[Knote: [m[K  template argument deduction/substitution failed:
[3.483s] [01m[K/opt/ros/foxy/include/rclcpp/parameter_value.hpp:193:3:[m[K [01;36m[Knote: [m[Kcandidate: ‘[01m[Ktemplate<rclcpp::ParameterType type> constexpr typename std::enable_if<(type == rclcpp::PARAMETER_BYTE_ARRAY), const std::vector<unsigned char, std::allocator<unsigned char> >&>::type rclcpp::ParameterValue::get() const[m[K’
[3.483s]   193 |   [01;36m[Kget[m[K() const
[3.483s]       |   [01;36m[K^~~[m[K
[3.484s] [01m[K/opt/ros/foxy/include/rclcpp/parameter_value.hpp:193:3:[m[K [01;36m[Knote: [m[K  template argument deduction/substitution failed:
[3.484s] [01m[K/opt/ros/foxy/include/rclcpp/parameter_value.hpp:205:3:[m[K [01;36m[Knote: [m[Kcandidate: ‘[01m[Ktemplate<rclcpp::ParameterType type> constexpr typename std::enable_if<(type == rclcpp::PARAMETER_BOOL_ARRAY), const std::vector<bool, std::allocator<bool> >&>::type rclcpp::ParameterValue::get() const[m[K’
[3.484s]   205 |   [01;36m[Kget[m[K() const
[3.484s]       |   [01;36m[K^~~[m[K
[3.485s] [01m[K/opt/ros/foxy/include/rclcpp/parameter_value.hpp:205:3:[m[K [01;36m[Knote: [m[K  template argument deduction/substitution failed:
[3.485s] [01m[K/opt/ros/foxy/include/rclcpp/parameter_value.hpp:217:3:[m[K [01;36m[Knote: [m[Kcandidate: ‘[01m[Ktemplate<rclcpp::ParameterType type> constexpr typename std::enable_if<(type == rclcpp::PARAMETER_INTEGER_ARRAY), const std::vector<long int, std::allocator<long int> >&>::type rclcpp::ParameterValue::get() const[m[K’
[3.485s]   217 |   [01;36m[Kget[m[K() const
[3.485s]       |   [01;36m[K^~~[m[K
[3.486s] [01m[K/opt/ros/foxy/include/rclcpp/parameter_value.hpp:217:3:[m[K [01;36m[Knote: [m[K  template argument deduction/substitution failed:
[3.486s] [01m[K/opt/ros/foxy/include/rclcpp/parameter_value.hpp:229:3:[m[K [01;36m[Knote: [m[Kcandidate: ‘[01m[Ktemplate<rclcpp::ParameterType type> constexpr typename std::enable_if<(type == rclcpp::PARAMETER_DOUBLE_ARRAY), const std::vector<double, std::allocator<double> >&>::type rclcpp::ParameterValue::get() const[m[K’
[3.486s]   229 |   [01;36m[Kget[m[K() const
[3.486s]       |   [01;36m[K^~~[m[K
[3.487s] [01m[K/opt/ros/foxy/include/rclcpp/parameter_value.hpp:229:3:[m[K [01;36m[Knote: [m[K  template argument deduction/substitution failed:
[3.487s] [01m[K/opt/ros/foxy/include/rclcpp/parameter_value.hpp:241:3:[m[K [01;36m[Knote: [m[Kcandidate: ‘[01m[Ktemplate<rclcpp::ParameterType type> constexpr typename std::enable_if<(type == rclcpp::PARAMETER_STRING_ARRAY), const std::vector<std::__cxx11::basic_string<char> >&>::type rclcpp::ParameterValue::get() const[m[K’
[3.487s]   241 |   [01;36m[Kget[m[K() const
[3.487s]       |   [01;36m[K^~~[m[K
[3.488s] [01m[K/opt/ros/foxy/include/rclcpp/parameter_value.hpp:241:3:[m[K [01;36m[Knote: [m[K  template argument deduction/substitution failed:
[3.488s] [01m[K/opt/ros/foxy/include/rclcpp/parameter_value.hpp:254:3:[m[K [01;36m[Knote: [m[Kcandidate: ‘[01m[Ktemplate<class type> constexpr typename std::enable_if<std::is_same<T, bool>::value, const bool&>::type rclcpp::ParameterValue::get() const[m[K’
[3.488s]   254 |   [01;36m[Kget[m[K() const
[3.488s]       |   [01;36m[K^~~[m[K
[3.489s] [01m[K/opt/ros/foxy/include/rclcpp/parameter_value.hpp:254:3:[m[K [01;36m[Knote: [m[K  template argument deduction/substitution failed:
[3.489s] /opt/ros/foxy/include/rclcpp/parameter_value.hpp: In substitution of ‘[01m[Ktemplate<class type> constexpr typename std::enable_if<std::is_same<T, bool>::value, const bool&>::type rclcpp::ParameterValue::get() const [with type = std::vector<int>][m[K’:
[3.489s] [01m[K/opt/ros/foxy/include/rclcpp/parameter.hpp:239:50:[m[K   required from ‘[01m[Kauto rclcpp::detail::get_value_helper(const rclcpp::Parameter*) [with T = std::vector<int>][m[K’
[3.489s] [01m[K/opt/ros/foxy/include/rclcpp/parameter.hpp:273:39:[m[K   required from ‘[01m[Kdecltype(auto) rclcpp::Parameter::get_value() const [with T = std::vector<int>][m[K’
[3.490s] [01m[K/opt/ros/foxy/include/rclcpp/node_impl.hpp:234:17:[m[K   required from ‘[01m[Kbool rclcpp::Node::get_parameter(const string&, ParameterT&) const [with ParameterT = std::vector<int>; std::string = std::__cxx11::basic_string<char>][m[K’
[3.490s] [01m[K/home/ws/src/tf03_driver/src/TF03.cpp:14:58:[m[K   required from here
[3.490s] [01m[K/opt/ros/foxy/include/rclcpp/parameter_value.hpp:254:3:[m[K [01;31m[Kerror: [m[Kno type named ‘[01m[Ktype[m[K’ in ‘[01m[Kstruct std::enable_if<false, const bool&>[m[K’
[3.490s] /opt/ros/foxy/include/rclcpp/parameter.hpp: In instantiation of ‘[01m[Kauto rclcpp::detail::get_value_helper(const rclcpp::Parameter*) [with T = std::vector<int>][m[K’:
[3.491s] [01m[K/opt/ros/foxy/include/rclcpp/parameter.hpp:273:39:[m[K   required from ‘[01m[Kdecltype(auto) rclcpp::Parameter::get_value() const [with T = std::vector<int>][m[K’
[3.491s] [01m[K/opt/ros/foxy/include/rclcpp/node_impl.hpp:234:17:[m[K   required from ‘[01m[Kbool rclcpp::Node::get_parameter(const string&, ParameterT&) const [with ParameterT = std::vector<int>; std::string = std::__cxx11::basic_string<char>][m[K’
[3.491s] [01m[K/home/ws/src/tf03_driver/src/TF03.cpp:14:58:[m[K   required from here
[3.491s] [01m[K/opt/ros/foxy/include/rclcpp/parameter_value.hpp:263:3:[m[K [01;36m[Knote: [m[Kcandidate: ‘[01m[Ktemplate<class type> constexpr typename std::enable_if<(std::is_integral<_Tp>::value && (! std::is_same<T, bool>::value)), const long int&>::type rclcpp::ParameterValue::get() const[m[K’
[3.492s]   263 |   [01;36m[Kget[m[K() const
[3.492s]       |   [01;36m[K^~~[m[K
[3.492s] [01m[K/opt/ros/foxy/include/rclcpp/parameter_value.hpp:263:3:[m[K [01;36m[Knote: [m[K  template argument deduction/substitution failed:
[3.492s] /opt/ros/foxy/include/rclcpp/parameter_value.hpp: In substitution of ‘[01m[Ktemplate<class type> constexpr typename std::enable_if<(std::is_integral<_Tp>::value && (! std::is_same<T, bool>::value)), const long int&>::type rclcpp::ParameterValue::get() const [with type = std::vector<int>][m[K’:
[3.493s] [01m[K/opt/ros/foxy/include/rclcpp/parameter.hpp:239:50:[m[K   required from ‘[01m[Kauto rclcpp::detail::get_value_helper(const rclcpp::Parameter*) [with T = std::vector<int>][m[K’
[3.493s] [01m[K/opt/ros/foxy/include/rclcpp/parameter.hpp:273:39:[m[K   required from ‘[01m[Kdecltype(auto) rclcpp::Parameter::get_value() const [with T = std::vector<int>][m[K’
[3.493s] [01m[K/opt/ros/foxy/include/rclcpp/node_impl.hpp:234:17:[m[K   required from ‘[01m[Kbool rclcpp::Node::get_parameter(const string&, ParameterT&) const [with ParameterT = std::vector<int>; std::string = std::__cxx11::basic_string<char>][m[K’
[3.493s] [01m[K/home/ws/src/tf03_driver/src/TF03.cpp:14:58:[m[K   required from here
[3.494s] [01m[K/opt/ros/foxy/include/rclcpp/parameter_value.hpp:263:3:[m[K [01;31m[Kerror: [m[Kno type named ‘[01m[Ktype[m[K’ in ‘[01m[Kstruct std::enable_if<false, const long int&>[m[K’
[3.494s] /opt/ros/foxy/include/rclcpp/parameter.hpp: In instantiation of ‘[01m[Kauto rclcpp::detail::get_value_helper(const rclcpp::Parameter*) [with T = std::vector<int>][m[K’:
[3.494s] [01m[K/opt/ros/foxy/include/rclcpp/parameter.hpp:273:39:[m[K   required from ‘[01m[Kdecltype(auto) rclcpp::Parameter::get_value() const [with T = std::vector<int>][m[K’
[3.494s] [01m[K/opt/ros/foxy/include/rclcpp/node_impl.hpp:234:17:[m[K   required from ‘[01m[Kbool rclcpp::Node::get_parameter(const string&, ParameterT&) const [with ParameterT = std::vector<int>; std::string = std::__cxx11::basic_string<char>][m[K’
[3.495s] [01m[K/home/ws/src/tf03_driver/src/TF03.cpp:14:58:[m[K   required from here
[3.495s] [01m[K/opt/ros/foxy/include/rclcpp/parameter_value.hpp:271:3:[m[K [01;36m[Knote: [m[Kcandidate: ‘[01m[Ktemplate<class type> constexpr typename std::enable_if<std::is_floating_point<_Tp>::value, const double&>::type rclcpp::ParameterValue::get() const[m[K’
[3.495s]   271 |   [01;36m[Kget[m[K() const
[3.495s]       |   [01;36m[K^~~[m[K
[3.496s] [01m[K/opt/ros/foxy/include/rclcpp/parameter_value.hpp:271:3:[m[K [01;36m[Knote: [m[K  template argument deduction/substitution failed:
[3.496s] /opt/ros/foxy/include/rclcpp/parameter_value.hpp: In substitution of ‘[01m[Ktemplate<class type> constexpr typename std::enable_if<std::is_floating_point<_Tp>::value, const double&>::type rclcpp::ParameterValue::get() const [with type = std::vector<int>][m[K’:
[3.496s] [01m[K/opt/ros/foxy/include/rclcpp/parameter.hpp:239:50:[m[K   required from ‘[01m[Kauto rclcpp::detail::get_value_helper(const rclcpp::Parameter*) [with T = std::vector<int>][m[K’
[3.496s] [01m[K/opt/ros/foxy/include/rclcpp/parameter.hpp:273:39:[m[K   required from ‘[01m[Kdecltype(auto) rclcpp::Parameter::get_value() const [with T = std::vector<int>][m[K’
[3.497s] [01m[K/opt/ros/foxy/include/rclcpp/node_impl.hpp:234:17:[m[K   required from ‘[01m[Kbool rclcpp::Node::get_parameter(const string&, ParameterT&) const [with ParameterT = std::vector<int>; std::string = std::__cxx11::basic_string<char>][m[K’
[3.497s] [01m[K/home/ws/src/tf03_driver/src/TF03.cpp:14:58:[m[K   required from here
[3.497s] [01m[K/opt/ros/foxy/include/rclcpp/parameter_value.hpp:271:3:[m[K [01;31m[Kerror: [m[Kno type named ‘[01m[Ktype[m[K’ in ‘[01m[Kstruct std::enable_if<false, const double&>[m[K’
[3.497s] /opt/ros/foxy/include/rclcpp/parameter.hpp: In instantiation of ‘[01m[Kauto rclcpp::detail::get_value_helper(const rclcpp::Parameter*) [with T = std::vector<int>][m[K’:
[3.498s] [01m[K/opt/ros/foxy/include/rclcpp/parameter.hpp:273:39:[m[K   required from ‘[01m[Kdecltype(auto) rclcpp::Parameter::get_value() const [with T = std::vector<int>][m[K’
[3.498s] [01m[K/opt/ros/foxy/include/rclcpp/node_impl.hpp:234:17:[m[K   required from ‘[01m[Kbool rclcpp::Node::get_parameter(const string&, ParameterT&) const [with ParameterT = std::vector<int>; std::string = std::__cxx11::basic_string<char>][m[K’
[3.498s] [01m[K/home/ws/src/tf03_driver/src/TF03.cpp:14:58:[m[K   required from here
[3.498s] [01m[K/opt/ros/foxy/include/rclcpp/parameter_value.hpp:279:3:[m[K [01;36m[Knote: [m[Kcandidate: ‘[01m[Ktemplate<class type> constexpr typename std::enable_if<std::is_convertible<type, std::__cxx11::basic_string<char> >::value, const std::__cxx11::basic_string<char>&>::type rclcpp::ParameterValue::get() const[m[K’
[3.499s]   279 |   [01;36m[Kget[m[K() const
[3.499s]       |   [01;36m[K^~~[m[K
[3.499s] [01m[K/opt/ros/foxy/include/rclcpp/parameter_value.hpp:279:3:[m[K [01;36m[Knote: [m[K  template argument deduction/substitution failed:
[3.499s] /opt/ros/foxy/include/rclcpp/parameter_value.hpp: In substitution of ‘[01m[Ktemplate<class type> constexpr typename std::enable_if<std::is_convertible<type, std::__cxx11::basic_string<char> >::value, const std::__cxx11::basic_string<char>&>::type rclcpp::ParameterValue::get() const [with type = std::vector<int>][m[K’:
[3.500s] [01m[K/opt/ros/foxy/include/rclcpp/parameter.hpp:239:50:[m[K   required from ‘[01m[Kauto rclcpp::detail::get_value_helper(const rclcpp::Parameter*) [with T = std::vector<int>][m[K’
[3.500s] [01m[K/opt/ros/foxy/include/rclcpp/parameter.hpp:273:39:[m[K   required from ‘[01m[Kdecltype(auto) rclcpp::Parameter::get_value() const [with T = std::vector<int>][m[K’
[3.500s] [01m[K/opt/ros/foxy/include/rclcpp/node_impl.hpp:234:17:[m[K   required from ‘[01m[Kbool rclcpp::Node::get_parameter(const string&, ParameterT&) const [with ParameterT = std::vector<int>; std::string = std::__cxx11::basic_string<char>][m[K’
[3.500s] [01m[K/home/ws/src/tf03_driver/src/TF03.cpp:14:58:[m[K   required from here
[3.501s] [01m[K/opt/ros/foxy/include/rclcpp/parameter_value.hpp:279:3:[m[K [01;31m[Kerror: [m[Kno type named ‘[01m[Ktype[m[K’ in ‘[01m[Kstruct std::enable_if<false, const std::__cxx11::basic_string<char>&>[m[K’
[3.501s] /opt/ros/foxy/include/rclcpp/parameter.hpp: In instantiation of ‘[01m[Kauto rclcpp::detail::get_value_helper(const rclcpp::Parameter*) [with T = std::vector<int>][m[K’:
[3.501s] [01m[K/opt/ros/foxy/include/rclcpp/parameter.hpp:273:39:[m[K   required from ‘[01m[Kdecltype(auto) rclcpp::Parameter::get_value() const [with T = std::vector<int>][m[K’
[3.501s] [01m[K/opt/ros/foxy/include/rclcpp/node_impl.hpp:234:17:[m[K   required from ‘[01m[Kbool rclcpp::Node::get_parameter(const string&, ParameterT&) const [with ParameterT = std::vector<int>; std::string = std::__cxx11::basic_string<char>][m[K’
[3.502s] [01m[K/home/ws/src/tf03_driver/src/TF03.cpp:14:58:[m[K   required from here
[3.502s] [01m[K/opt/ros/foxy/include/rclcpp/parameter_value.hpp:289:3:[m[K [01;36m[Knote: [m[Kcandidate: ‘[01m[Ktemplate<class type> constexpr typename std::enable_if<std::is_convertible<type, const std::vector<unsigned char, std::allocator<unsigned char> >&>::value, const std::vector<unsigned char, std::allocator<unsigned char> >&>::type rclcpp::ParameterValue::get() const[m[K’
[3.502s]   289 |   [01;36m[Kget[m[K() const
[3.502s]       |   [01;36m[K^~~[m[K
[3.503s] [01m[K/opt/ros/foxy/include/rclcpp/parameter_value.hpp:289:3:[m[K [01;36m[Knote: [m[K  template argument deduction/substitution failed:
[3.503s] /opt/ros/foxy/include/rclcpp/parameter_value.hpp: In substitution of ‘[01m[Ktemplate<class type> constexpr typename std::enable_if<std::is_convertible<type, const std::vector<unsigned char, std::allocator<unsigned char> >&>::value, const std::vector<unsigned char, std::allocator<unsigned char> >&>::type rclcpp::ParameterValue::get() const [with type = std::vector<int>][m[K’:
[3.503s] [01m[K/opt/ros/foxy/include/rclcpp/parameter.hpp:239:50:[m[K   required from ‘[01m[Kauto rclcpp::detail::get_value_helper(const rclcpp::Parameter*) [with T = std::vector<int>][m[K’
[3.503s] [01m[K/opt/ros/foxy/include/rclcpp/parameter.hpp:273:39:[m[K   required from ‘[01m[Kdecltype(auto) rclcpp::Parameter::get_value() const [with T = std::vector<int>][m[K’
[3.504s] [01m[K/opt/ros/foxy/include/rclcpp/node_impl.hpp:234:17:[m[K   required from ‘[01m[Kbool rclcpp::Node::get_parameter(const string&, ParameterT&) const [with ParameterT = std::vector<int>; std::string = std::__cxx11::basic_string<char>][m[K’
[3.504s] [01m[K/home/ws/src/tf03_driver/src/TF03.cpp:14:58:[m[K   required from here
[3.504s] [01m[K/opt/ros/foxy/include/rclcpp/parameter_value.hpp:289:3:[m[K [01;31m[Kerror: [m[Kno type named ‘[01m[Ktype[m[K’ in ‘[01m[Kstruct std::enable_if<false, const std::vector<unsigned char, std::allocator<unsigned char> >&>[m[K’
[3.504s] /opt/ros/foxy/include/rclcpp/parameter.hpp: In instantiation of ‘[01m[Kauto rclcpp::detail::get_value_helper(const rclcpp::Parameter*) [with T = std::vector<int>][m[K’:
[3.505s] [01m[K/opt/ros/foxy/include/rclcpp/parameter.hpp:273:39:[m[K   required from ‘[01m[Kdecltype(auto) rclcpp::Parameter::get_value() const [with T = std::vector<int>][m[K’
[3.505s] [01m[K/opt/ros/foxy/include/rclcpp/node_impl.hpp:234:17:[m[K   required from ‘[01m[Kbool rclcpp::Node::get_parameter(const string&, ParameterT&) const [with ParameterT = std::vector<int>; std::string = std::__cxx11::basic_string<char>][m[K’
[3.505s] [01m[K/home/ws/src/tf03_driver/src/TF03.cpp:14:58:[m[K   required from here
[3.505s] [01m[K/opt/ros/foxy/include/rclcpp/parameter_value.hpp:299:3:[m[K [01;36m[Knote: [m[Kcandidate: ‘[01m[Ktemplate<class type> constexpr typename std::enable_if<std::is_convertible<type, const std::vector<bool, std::allocator<bool> >&>::value, const std::vector<bool, std::allocator<bool> >&>::type rclcpp::ParameterValue::get() const[m[K’
[3.506s]   299 |   [01;36m[Kget[m[K() const
[3.506s]       |   [01;36m[K^~~[m[K
[3.506s] [01m[K/opt/ros/foxy/include/rclcpp/parameter_value.hpp:299:3:[m[K [01;36m[Knote: [m[K  template argument deduction/substitution failed:
[3.506s] /opt/ros/foxy/include/rclcpp/parameter_value.hpp: In substitution of ‘[01m[Ktemplate<class type> constexpr typename std::enable_if<std::is_convertible<type, const std::vector<bool, std::allocator<bool> >&>::value, const std::vector<bool, std::allocator<bool> >&>::type rclcpp::ParameterValue::get() const [with type = std::vector<int>][m[K’:
[3.507s] [01m[K/opt/ros/foxy/include/rclcpp/parameter.hpp:239:50:[m[K   required from ‘[01m[Kauto rclcpp::detail::get_value_helper(const rclcpp::Parameter*) [with T = std::vector<int>][m[K’
[3.507s] [01m[K/opt/ros/foxy/include/rclcpp/parameter.hpp:273:39:[m[K   required from ‘[01m[Kdecltype(auto) rclcpp::Parameter::get_value() const [with T = std::vector<int>][m[K’
[3.507s] [01m[K/opt/ros/foxy/include/rclcpp/node_impl.hpp:234:17:[m[K   required from ‘[01m[Kbool rclcpp::Node::get_parameter(const string&, ParameterT&) const [with ParameterT = std::vector<int>; std::string = std::__cxx11::basic_string<char>][m[K’
[3.507s] [01m[K/home/ws/src/tf03_driver/src/TF03.cpp:14:58:[m[K   required from here
[3.508s] [01m[K/opt/ros/foxy/include/rclcpp/parameter_value.hpp:299:3:[m[K [01;31m[Kerror: [m[Kno type named ‘[01m[Ktype[m[K’ in ‘[01m[Kstruct std::enable_if<false, const std::vector<bool, std::allocator<bool> >&>[m[K’
[3.508s] /opt/ros/foxy/include/rclcpp/parameter.hpp: In instantiation of ‘[01m[Kauto rclcpp::detail::get_value_helper(const rclcpp::Parameter*) [with T = std::vector<int>][m[K’:
[3.508s] [01m[K/opt/ros/foxy/include/rclcpp/parameter.hpp:273:39:[m[K   required from ‘[01m[Kdecltype(auto) rclcpp::Parameter::get_value() const [with T = std::vector<int>][m[K’
[3.508s] [01m[K/opt/ros/foxy/include/rclcpp/node_impl.hpp:234:17:[m[K   required from ‘[01m[Kbool rclcpp::Node::get_parameter(const string&, ParameterT&) const [with ParameterT = std::vector<int>; std::string = std::__cxx11::basic_string<char>][m[K’
[3.509s] [01m[K/home/ws/src/tf03_driver/src/TF03.cpp:14:58:[m[K   required from here
[3.509s] [01m[K/opt/ros/foxy/include/rclcpp/parameter_value.hpp:309:3:[m[K [01;36m[Knote: [m[Kcandidate: ‘[01m[Ktemplate<class type> constexpr typename std::enable_if<std::is_convertible<type, const std::vector<long int, std::allocator<long int> >&>::value, const std::vector<long int, std::allocator<long int> >&>::type rclcpp::ParameterValue::get() const[m[K’
[3.509s]   309 |   [01;36m[Kget[m[K() const
[3.509s]       |   [01;36m[K^~~[m[K
[3.510s] [01m[K/opt/ros/foxy/include/rclcpp/parameter_value.hpp:309:3:[m[K [01;36m[Knote: [m[K  template argument deduction/substitution failed:
[3.510s] /opt/ros/foxy/include/rclcpp/parameter_value.hpp: In substitution of ‘[01m[Ktemplate<class type> constexpr typename std::enable_if<std::is_convertible<type, const std::vector<long int, std::allocator<long int> >&>::value, const std::vector<long int, std::allocator<long int> >&>::type rclcpp::ParameterValue::get() const [with type = std::vector<int>][m[K’:
[3.510s] [01m[K/opt/ros/foxy/include/rclcpp/parameter.hpp:239:50:[m[K   required from ‘[01m[Kauto rclcpp::detail::get_value_helper(const rclcpp::Parameter*) [with T = std::vector<int>][m[K’
[3.510s] [01m[K/opt/ros/foxy/include/rclcpp/parameter.hpp:273:39:[m[K   required from ‘[01m[Kdecltype(auto) rclcpp::Parameter::get_value() const [with T = std::vector<int>][m[K’
[3.511s] [01m[K/opt/ros/foxy/include/rclcpp/node_impl.hpp:234:17:[m[K   required from ‘[01m[Kbool rclcpp::Node::get_parameter(const string&, ParameterT&) const [with ParameterT = std::vector<int>; std::string = std::__cxx11::basic_string<char>][m[K’
[3.511s] [01m[K/home/ws/src/tf03_driver/src/TF03.cpp:14:58:[m[K   required from here
[3.511s] [01m[K/opt/ros/foxy/include/rclcpp/parameter_value.hpp:309:3:[m[K [01;31m[Kerror: [m[Kno type named ‘[01m[Ktype[m[K’ in ‘[01m[Kstruct std::enable_if<false, const std::vector<long int, std::allocator<long int> >&>[m[K’
[3.511s] /opt/ros/foxy/include/rclcpp/parameter.hpp: In instantiation of ‘[01m[Kauto rclcpp::detail::get_value_helper(const rclcpp::Parameter*) [with T = std::vector<int>][m[K’:
[3.512s] [01m[K/opt/ros/foxy/include/rclcpp/parameter.hpp:273:39:[m[K   required from ‘[01m[Kdecltype(auto) rclcpp::Parameter::get_value() const [with T = std::vector<int>][m[K’
[3.512s] [01m[K/opt/ros/foxy/include/rclcpp/node_impl.hpp:234:17:[m[K   required from ‘[01m[Kbool rclcpp::Node::get_parameter(const string&, ParameterT&) const [with ParameterT = std::vector<int>; std::string = std::__cxx11::basic_string<char>][m[K’
[3.512s] [01m[K/home/ws/src/tf03_driver/src/TF03.cpp:14:58:[m[K   required from here
[3.512s] [01m[K/opt/ros/foxy/include/rclcpp/parameter_value.hpp:319:3:[m[K [01;36m[Knote: [m[Kcandidate: ‘[01m[Ktemplate<class type> constexpr typename std::enable_if<std::is_convertible<type, const std::vector<double, std::allocator<double> >&>::value, const std::vector<double, std::allocator<double> >&>::type rclcpp::ParameterValue::get() const[m[K’
[3.513s]   319 |   [01;36m[Kget[m[K() const
[3.513s]       |   [01;36m[K^~~[m[K
[3.513s] [01m[K/opt/ros/foxy/include/rclcpp/parameter_value.hpp:319:3:[m[K [01;36m[Knote: [m[K  template argument deduction/substitution failed:
[3.513s] /opt/ros/foxy/include/rclcpp/parameter_value.hpp: In substitution of ‘[01m[Ktemplate<class type> constexpr typename std::enable_if<std::is_convertible<type, const std::vector<double, std::allocator<double> >&>::value, const std::vector<double, std::allocator<double> >&>::type rclcpp::ParameterValue::get() const [with type = std::vector<int>][m[K’:
[3.514s] [01m[K/opt/ros/foxy/include/rclcpp/parameter.hpp:239:50:[m[K   required from ‘[01m[Kauto rclcpp::detail::get_value_helper(const rclcpp::Parameter*) [with T = std::vector<int>][m[K’
[3.514s] [01m[K/opt/ros/foxy/include/rclcpp/parameter.hpp:273:39:[m[K   required from ‘[01m[Kdecltype(auto) rclcpp::Parameter::get_value() const [with T = std::vector<int>][m[K’
[3.514s] [01m[K/opt/ros/foxy/include/rclcpp/node_impl.hpp:234:17:[m[K   required from ‘[01m[Kbool rclcpp::Node::get_parameter(const string&, ParameterT&) const [with ParameterT = std::vector<int>; std::string = std::__cxx11::basic_string<char>][m[K’
[3.515s] [01m[K/home/ws/src/tf03_driver/src/TF03.cpp:14:58:[m[K   required from here
[3.515s] [01m[K/opt/ros/foxy/include/rclcpp/parameter_value.hpp:319:3:[m[K [01;31m[Kerror: [m[Kno type named ‘[01m[Ktype[m[K’ in ‘[01m[Kstruct std::enable_if<false, const std::vector<double, std::allocator<double> >&>[m[K’
[3.515s] /opt/ros/foxy/include/rclcpp/parameter.hpp: In instantiation of ‘[01m[Kauto rclcpp::detail::get_value_helper(const rclcpp::Parameter*) [with T = std::vector<int>][m[K’:
[3.515s] [01m[K/opt/ros/foxy/include/rclcpp/parameter.hpp:273:39:[m[K   required from ‘[01m[Kdecltype(auto) rclcpp::Parameter::get_value() const [with T = std::vector<int>][m[K’
[3.516s] [01m[K/opt/ros/foxy/include/rclcpp/node_impl.hpp:234:17:[m[K   required from ‘[01m[Kbool rclcpp::Node::get_parameter(const string&, ParameterT&) const [with ParameterT = std::vector<int>; std::string = std::__cxx11::basic_string<char>][m[K’
[3.516s] [01m[K/home/ws/src/tf03_driver/src/TF03.cpp:14:58:[m[K   required from here
[3.516s] [01m[K/opt/ros/foxy/include/rclcpp/parameter_value.hpp:329:3:[m[K [01;36m[Knote: [m[Kcandidate: ‘[01m[Ktemplate<class type> constexpr typename std::enable_if<std::is_convertible<type, const std::vector<std::__cxx11::basic_string<char> >&>::value, const std::vector<std::__cxx11::basic_string<char> >&>::type rclcpp::ParameterValue::get() const[m[K’
[3.516s]   329 |   [01;36m[Kget[m[K() const
[3.517s]       |   [01;36m[K^~~[m[K
[3.517s] [01m[K/opt/ros/foxy/include/rclcpp/parameter_value.hpp:329:3:[m[K [01;36m[Knote: [m[K  template argument deduction/substitution failed:
[3.517s] /opt/ros/foxy/include/rclcpp/parameter_value.hpp: In substitution of ‘[01m[Ktemplate<class type> constexpr typename std::enable_if<std::is_convertible<type, const std::vector<std::__cxx11::basic_string<char> >&>::value, const std::vector<std::__cxx11::basic_string<char> >&>::type rclcpp::ParameterValue::get() const [with type = std::vector<int>][m[K’:
[3.517s] [01m[K/opt/ros/foxy/include/rclcpp/parameter.hpp:239:50:[m[K   required from ‘[01m[Kauto rclcpp::detail::get_value_helper(const rclcpp::Parameter*) [with T = std::vector<int>][m[K’
[3.518s] [01m[K/opt/ros/foxy/include/rclcpp/parameter.hpp:273:39:[m[K   required from ‘[01m[Kdecltype(auto) rclcpp::Parameter::get_value() const [with T = std::vector<int>][m[K’
[3.518s] [01m[K/opt/ros/foxy/include/rclcpp/node_impl.hpp:234:17:[m[K   required from ‘[01m[Kbool rclcpp::Node::get_parameter(const string&, ParameterT&) const [with ParameterT = std::vector<int>; std::string = std::__cxx11::basic_string<char>][m[K’
[3.518s] [01m[K/home/ws/src/tf03_driver/src/TF03.cpp:14:58:[m[K   required from here
[3.518s] [01m[K/opt/ros/foxy/include/rclcpp/parameter_value.hpp:329:3:[m[K [01;31m[Kerror: [m[Kno type named ‘[01m[Ktype[m[K’ in ‘[01m[Kstruct std::enable_if<false, const std::vector<std::__cxx11::basic_string<char> >&>[m[K’
[3.519s] In file included from [01m[K/opt/ros/foxy/include/rclcpp/node.hpp:1224[m[K,
[3.519s]                  from [01m[K/opt/ros/foxy/include/rclcpp/executors/single_threaded_executor.hpp:28[m[K,
[3.519s]                  from [01m[K/opt/ros/foxy/include/rclcpp/executors.hpp:22[m[K,
[3.519s]                  from [01m[K/opt/ros/foxy/include/rclcpp/rclcpp.hpp:146[m[K,
[3.520s]                  from [01m[K/home/ws/src/tf03_driver/include/TF03.h:12[m[K,
[3.520s]                  from [01m[K/home/ws/src/tf03_driver/src/TF03.cpp:1[m[K:
[3.520s] /opt/ros/foxy/include/rclcpp/node_impl.hpp: In instantiation of ‘[01m[Kbool rclcpp::Node::get_parameter(const string&, ParameterT&) const [with ParameterT = std::vector<int>; std::string = std::__cxx11::basic_string<char>][m[K’:
[3.520s] [01m[K/home/ws/src/tf03_driver/src/TF03.cpp:14:58:[m[K   required from here
[3.521s] [01m[K/opt/ros/foxy/include/rclcpp/node_impl.hpp:234:17:[m[K [01;31m[Kerror: [m[Kinvalid use of void expression
[3.521s]   234 |     parameter = [01;31m[Kstatic_cast<ParameterT>(parameter_variant.get_value<ParameterT>())[m[K;
[3.521s]       |                 [01;31m[K^~~~~~~~~~~~~~~~~~~~~~~~~~~~~~~~~~~~~~~~~~~~~~~~~~~~~~~~~~~~~~~~~~[m[K
[3.737s] In file included from [01m[K/usr/include/x86_64-linux-gnu/c++/9/bits/c++allocator.h:33[m[K,
[3.737s]                  from [01m[K/usr/include/c++/9/bits/allocator.h:46[m[K,
[3.737s]                  from [01m[K/usr/include/c++/9/memory:63[m[K,
[3.737s]                  from [01m[K/opt/ros/foxy/include/rclcpp/rclcpp.hpp:144[m[K,
[3.738s]                  from [01m[K/home/ws/src/tf03_driver/src/tf03_node.cpp:1[m[K:
[3.738s] /usr/include/c++/9/ext/new_allocator.h: In instantiation of ‘[01m[Kvoid __gnu_cxx::new_allocator<_Tp>::construct(_Up*, _Args&& ...) [with _Up = TF03; _Args = {const char (&)[7]}; _Tp = TF03][m[K’:
[3.738s] [01m[K/usr/include/c++/9/bits/alloc_traits.h:483:4:[m[K   required from ‘[01m[Kstatic void std::allocator_traits<std::allocator<_Tp1> >::construct(std::allocator_traits<std::allocator<_Tp1> >::allocator_type&, _Up*, _Args&& ...) [with _Up = TF03; _Args = {const char (&)[7]}; _Tp = TF03; std::allocator_traits<std::allocator<_Tp1> >::allocator_type = std::allocator<TF03>][m[K’
[3.738s] [01m[K/usr/include/c++/9/bits/shared_ptr_base.h:548:39:[m[K   required from ‘[01m[Kstd::_Sp_counted_ptr_inplace<_Tp, _Alloc, _Lp>::_Sp_counted_ptr_inplace(_Alloc, _Args&& ...) [with _Args = {const char (&)[7]}; _Tp = TF03; _Alloc = std::allocator<TF03>; __gnu_cxx::_Lock_policy _Lp = __gnu_cxx::_S_atomic][m[K’
[3.739s] [01m[K/usr/include/c++/9/bits/shared_ptr_base.h:679:16:[m[K   required from ‘[01m[Kstd::__shared_count<_Lp>::__shared_count(_Tp*&, std::_Sp_alloc_shared_tag<_Alloc>, _Args&& ...) [with _Tp = TF03; _Alloc = std::allocator<TF03>; _Args = {const char (&)[7]}; __gnu_cxx::_Lock_policy _Lp = __gnu_cxx::_S_atomic][m[K’
[3.739s] [01m[K/usr/include/c++/9/bits/shared_ptr_base.h:1344:71:[m[K   required from ‘[01m[Kstd::__shared_ptr<_Tp, _Lp>::__shared_ptr(std::_Sp_alloc_shared_tag<_Tp>, _Args&& ...) [with _Alloc = std::allocator<TF03>; _Args = {const char (&)[7]}; _Tp = TF03; __gnu_cxx::_Lock_policy _Lp = __gnu_cxx::_S_atomic][m[K’
[3.739s] [01m[K/usr/include/c++/9/bits/shared_ptr.h:359:59:[m[K   required from ‘[01m[Kstd::shared_ptr<_Tp>::shared_ptr(std::_Sp_alloc_shared_tag<_Tp>, _Args&& ...) [with _Alloc = std::allocator<TF03>; _Args = {const char (&)[7]}; _Tp = TF03][m[K’
[3.739s] [01m[K/usr/include/c++/9/bits/shared_ptr.h:701:14:[m[K   required from ‘[01m[Kstd::shared_ptr<_Tp> std::allocate_shared(const _Alloc&, _Args&& ...) [with _Tp = TF03; _Alloc = std::allocator<TF03>; _Args = {const char (&)[7]}][m[K’
[3.739s] [01m[K/usr/include/c++/9/bits/shared_ptr.h:717:39:[m[K   required from ‘[01m[Kstd::shared_ptr<_Tp> std::make_shared(_Args&& ...) [with _Tp = TF03; _Args = {const char (&)[7]}][m[K’
[3.740s] [01m[K/home/ws/src/tf03_driver/src/tf03_node.cpp:12:49:[m[K   required from here
[3.740s] [01m[K/usr/include/c++/9/ext/new_allocator.h:146:4:[m[K [01;31m[Kerror: [m[Kno matching function for call to ‘[01m[KTF03::TF03(const char [7])[m[K’
[3.740s]   146 |  { [01;31m[K::new((void *)__p) _Up(std::forward<_Args>(__args)...)[m[K; }
[3.740s]       |    [01;31m[K^~~~~~~~~~~~~~~~~~~~~~~~~~~~~~~~~~~~~~~~~~~~~~~~~~~~~~[m[K
[3.741s] In file included from [01m[K/home/ws/src/tf03_driver/src/tf03_node.cpp:2[m[K:
[3.741s] [01m[K/home/ws/src/tf03_driver/include/TF03.h:71:4:[m[K [01;36m[Knote: [m[Kcandidate: ‘[01m[KTF03::TF03()[m[K’
[3.741s]    71 |    [01;36m[KTF03[m[K(); //: Node("tf03driver"){};
[3.741s]       |    [01;36m[K^~~~[m[K
[3.741s] [01m[K/home/ws/src/tf03_driver/include/TF03.h:71:4:[m[K [01;36m[Knote: [m[K  candidate expects 0 arguments, 1 provided
[3.850s] make[2]: *** [CMakeFiles/tf03_node.dir/build.make:63: CMakeFiles/tf03_node.dir/src/tf03_node.cpp.o] Error 1
[3.850s] make[2]: *** Waiting for unfinished jobs....
[5.088s] make[2]: *** [CMakeFiles/tf03_node.dir/build.make:76: CMakeFiles/tf03_node.dir/src/TF03.cpp.o] Error 1
[5.088s] make[1]: *** [CMakeFiles/Makefile2:78: CMakeFiles/tf03_node.dir/all] Error 2
[5.088s] make: *** [Makefile:141: all] Error 2
[5.092s] Invoked command in '/home/ws/build/tf03_driver' returned '2': CMAKE_PREFIX_PATH=/opt/ros/foxy /usr/bin/cmake --build /home/ws/build/tf03_driver -- -j8 -l8
