[0.707s] DEBUG:colcon:Command line arguments: ['/usr/bin/colcon', 'list', '-p', '--base-paths', '/home/ws']
[0.707s] DEBUG:colcon:Parsed command line arguments: Namespace(base_paths=['/home/ws'], build_base='build', ignore_user_meta=False, log_base=None, log_level=None, main=<bound method ListVerb.main of <colcon_package_information.verb.list.ListVerb object at 0x7f639b14b130>>, metas=['./colcon.meta'], mixin=None, mixin_files=None, mixin_verb=('list',), names_only=False, packages_above=None, packages_above_and_dependencies=None, packages_above_depth=None, packages_end=None, packages_ignore=None, packages_ignore_regex=None, packages_select=None, packages_select_build_failed=False, packages_select_by_dep=None, packages_select_regex=None, packages_select_test_failures=False, packages_skip=None, packages_skip_build_finished=False, packages_skip_by_dep=None, packages_skip_regex=None, packages_skip_test_passed=False, packages_skip_up_to=None, packages_start=None, packages_up_to=None, packages_up_to_regex=None, paths=None, paths_only=True, topological_graph=False, topological_graph_density=False, topological_graph_dot=False, topological_graph_dot_cluster=False, topological_graph_dot_include_skipped=False, topological_graph_legend=False, topological_order=False, verb_extension=<colcon_package_information.verb.list.ListVerb object at 0x7f639b14b130>, verb_name='list', verb_parser=<colcon_mixin.mixin.mixin_argument.MixinArgumentDecorator object at 0x7f639b094370>)
[0.768s] Level 1:colcon.colcon_core.package_discovery:discover_packages(colcon_meta) check parameters
[0.768s] Level 1:colcon.colcon_core.package_discovery:discover_packages(recursive) check parameters
[0.768s] Level 1:colcon.colcon_core.package_discovery:discover_packages(ignore) check parameters
[0.768s] Level 1:colcon.colcon_core.package_discovery:discover_packages(path) check parameters
[0.768s] Level 1:colcon.colcon_core.package_discovery:discover_packages(recursive) discover
[0.769s] INFO:colcon.colcon_core.package_discovery:Crawling recursively for packages in '/home/ws'
[0.769s] Level 1:colcon.colcon_core.package_identification:_identify(/home/ws) by extensions ['ignore', 'ignore_ament_install']
[0.769s] Level 1:colcon.colcon_core.package_identification:_identify(/home/ws) by extension 'ignore'
[0.769s] Level 1:colcon.colcon_core.package_identification:_identify(/home/ws) by extension 'ignore_ament_install'
[0.770s] Level 1:colcon.colcon_core.package_identification:_identify(/home/ws) by extensions ['colcon_pkg']
[0.770s] Level 1:colcon.colcon_core.package_identification:_identify(/home/ws) by extension 'colcon_pkg'
[0.770s] Level 1:colcon.colcon_core.package_identification:_identify(/home/ws) by extensions ['colcon_meta']
[0.770s] Level 1:colcon.colcon_core.package_identification:_identify(/home/ws) by extension 'colcon_meta'
[0.770s] Level 1:colcon.colcon_core.package_identification:_identify(/home/ws) by extensions ['ros']
[0.770s] Level 1:colcon.colcon_core.package_identification:_identify(/home/ws) by extension 'ros'
[0.798s] Level 1:colcon.colcon_core.package_identification:_identify(/home/ws) by extensions ['cmake', 'python']
[0.798s] Level 1:colcon.colcon_core.package_identification:_identify(/home/ws) by extension 'cmake'
[0.798s] Level 1:colcon.colcon_core.package_identification:_identify(/home/ws) by extension 'python'
[0.798s] Level 1:colcon.colcon_core.package_identification:_identify(/home/ws) by extensions ['python_setup_py']
[0.798s] Level 1:colcon.colcon_core.package_identification:_identify(/home/ws) by extension 'python_setup_py'
[0.798s] Level 1:colcon.colcon_core.package_identification:_identify(/home/ws/build) by extensions ['ignore', 'ignore_ament_install']
[0.799s] Level 1:colcon.colcon_core.package_identification:_identify(/home/ws/build) by extension 'ignore'
[0.799s] Level 1:colcon.colcon_core.package_identification:_identify(/home/ws/build) ignored
[0.799s] Level 1:colcon.colcon_core.package_identification:_identify(/home/ws/install) by extensions ['ignore', 'ignore_ament_install']
[0.799s] Level 1:colcon.colcon_core.package_identification:_identify(/home/ws/install) by extension 'ignore'
[0.799s] Level 1:colcon.colcon_core.package_identification:_identify(/home/ws/install) ignored
[0.800s] Level 1:colcon.colcon_core.package_identification:_identify(/home/ws/log) by extensions ['ignore', 'ignore_ament_install']
[0.800s] Level 1:colcon.colcon_core.package_identification:_identify(/home/ws/log) by extension 'ignore'
[0.800s] Level 1:colcon.colcon_core.package_identification:_identify(/home/ws/log) ignored
[0.800s] Level 1:colcon.colcon_core.package_identification:_identify(/home/ws/src) by extensions ['ignore', 'ignore_ament_install']
[0.800s] Level 1:colcon.colcon_core.package_identification:_identify(/home/ws/src) by extension 'ignore'
[0.800s] Level 1:colcon.colcon_core.package_identification:_identify(/home/ws/src) by extension 'ignore_ament_install'
[0.800s] Level 1:colcon.colcon_core.package_identification:_identify(/home/ws/src) by extensions ['colcon_pkg']
[0.800s] Level 1:colcon.colcon_core.package_identification:_identify(/home/ws/src) by extension 'colcon_pkg'
[0.800s] Level 1:colcon.colcon_core.package_identification:_identify(/home/ws/src) by extensions ['colcon_meta']
[0.801s] Level 1:colcon.colcon_core.package_identification:_identify(/home/ws/src) by extension 'colcon_meta'
[0.801s] Level 1:colcon.colcon_core.package_identification:_identify(/home/ws/src) by extensions ['ros']
[0.801s] Level 1:colcon.colcon_core.package_identification:_identify(/home/ws/src) by extension 'ros'
[0.801s] Level 1:colcon.colcon_core.package_identification:_identify(/home/ws/src) by extensions ['cmake', 'python']
[0.801s] Level 1:colcon.colcon_core.package_identification:_identify(/home/ws/src) by extension 'cmake'
[0.801s] Level 1:colcon.colcon_core.package_identification:_identify(/home/ws/src) by extension 'python'
[0.801s] Level 1:colcon.colcon_core.package_identification:_identify(/home/ws/src) by extensions ['python_setup_py']
[0.801s] Level 1:colcon.colcon_core.package_identification:_identify(/home/ws/src) by extension 'python_setup_py'
[0.801s] Level 1:colcon.colcon_core.package_identification:_identify(/home/ws/src/tf03_driver) by extensions ['ignore', 'ignore_ament_install']
[0.802s] Level 1:colcon.colcon_core.package_identification:_identify(/home/ws/src/tf03_driver) by extension 'ignore'
[0.802s] Level 1:colcon.colcon_core.package_identification:_identify(/home/ws/src/tf03_driver) by extension 'ignore_ament_install'
[0.802s] Level 1:colcon.colcon_core.package_identification:_identify(/home/ws/src/tf03_driver) by extensions ['colcon_pkg']
[0.802s] Level 1:colcon.colcon_core.package_identification:_identify(/home/ws/src/tf03_driver) by extension 'colcon_pkg'
[0.802s] Level 1:colcon.colcon_core.package_identification:_identify(/home/ws/src/tf03_driver) by extensions ['colcon_meta']
[0.802s] Level 1:colcon.colcon_core.package_identification:_identify(/home/ws/src/tf03_driver) by extension 'colcon_meta'
[0.802s] Level 1:colcon.colcon_core.package_identification:_identify(/home/ws/src/tf03_driver) by extensions ['ros']
[0.802s] Level 1:colcon.colcon_core.package_identification:_identify(/home/ws/src/tf03_driver) by extension 'ros'
[0.807s] DEBUG:colcon.colcon_core.package_identification:Package '/home/ws/src/tf03_driver' with type 'ros.ament_cmake' and name 'tf03_driver'
[0.808s] Level 1:colcon.colcon_core.package_identification:_identify(/home/ws/tf03can_serial) by extensions ['ignore', 'ignore_ament_install']
[0.808s] Level 1:colcon.colcon_core.package_identification:_identify(/home/ws/tf03can_serial) by extension 'ignore'
[0.808s] Level 1:colcon.colcon_core.package_identification:_identify(/home/ws/tf03can_serial) by extension 'ignore_ament_install'
[0.808s] Level 1:colcon.colcon_core.package_identification:_identify(/home/ws/tf03can_serial) by extensions ['colcon_pkg']
[0.809s] Level 1:colcon.colcon_core.package_identification:_identify(/home/ws/tf03can_serial) by extension 'colcon_pkg'
[0.809s] Level 1:colcon.colcon_core.package_identification:_identify(/home/ws/tf03can_serial) by extensions ['colcon_meta']
[0.809s] Level 1:colcon.colcon_core.package_identification:_identify(/home/ws/tf03can_serial) by extension 'colcon_meta'
[0.809s] Level 1:colcon.colcon_core.package_identification:_identify(/home/ws/tf03can_serial) by extensions ['ros']
[0.809s] Level 1:colcon.colcon_core.package_identification:_identify(/home/ws/tf03can_serial) by extension 'ros'
[0.809s] Level 1:colcon.colcon_core.package_identification:_identify(/home/ws/tf03can_serial) by extensions ['cmake', 'python']
[0.810s] Level 1:colcon.colcon_core.package_identification:_identify(/home/ws/tf03can_serial) by extension 'cmake'
[0.810s] Level 1:colcon.colcon_core.package_identification:_identify(/home/ws/tf03can_serial) by extension 'python'
[0.810s] Level 1:colcon.colcon_core.package_identification:_identify(/home/ws/tf03can_serial) by extensions ['python_setup_py']
[0.810s] Level 1:colcon.colcon_core.package_identification:_identify(/home/ws/tf03can_serial) by extension 'python_setup_py'
[0.810s] Level 1:colcon.colcon_core.package_discovery:discover_packages(recursive) using defaults
